  INFO ---------------------------------------------------------------------------
  INFO START 2020-03-03 09:56:27 +0100 cap production deploy
  INFO ---------------------------------------------------------------------------
  INFO [a4d07226] Running /usr/bin/env mkdir -p /tmp as yannick@92.39.246.126
 DEBUG [a4d07226] Command: /usr/bin/env mkdir -p /tmp
  INFO [a4d07226] Finished in 1.181 seconds with exit status 0 (successful).
 DEBUG Uploading /tmp/git-ssh-plccnzone-production-Maranatha.sh 0.0%
  INFO Uploading /tmp/git-ssh-plccnzone-production-Maranatha.sh 100.0%
  INFO [caa8bbdf] Running /usr/bin/env chmod 700 /tmp/git-ssh-plccnzone-production-Maranatha.sh as yannick@92.39.246.126
 DEBUG [caa8bbdf] Command: /usr/bin/env chmod 700 /tmp/git-ssh-plccnzone-production-Maranatha.sh
  INFO [caa8bbdf] Finished in 0.266 seconds with exit status 0 (successful).
  INFO [8d214e78] Running /usr/bin/env git ls-remote https://github.com/yanndeo/plccnzone.git HEAD as yannick@92.39.246.126
 DEBUG [8d214e78] Command: ( export GIT_ASKPASS="/bin/echo" GIT_SSH="/tmp/git-ssh-plccnzone-production-Maranatha.sh" ; /usr/bin/env git ls-remote https://github.com/yanndeo/plccnzone.git HEAD )
 DEBUG [8d214e78] 	d993ba68fc258044151e57e37067800bef432044	HEAD
  INFO [8d214e78] Finished in 0.819 seconds with exit status 0 (successful).
  INFO [12a568c2] Running /usr/bin/env mkdir -p /var/www/vhosts/plccnczone.com/new.plccnczone.com/shared /var/www/vhosts/plccnczone.com/new.plccnczone.com/releases as yannick@92.39.246.126
 DEBUG [12a568c2] Command: /usr/bin/env mkdir -p /var/www/vhosts/plccnczone.com/new.plccnczone.com/shared /var/www/vhosts/plccnczone.com/new.plccnczone.com/releases
  INFO [12a568c2] Finished in 0.135 seconds with exit status 0 (successful).
  INFO [6617acfd] Running /usr/bin/env mkdir -p /var/www/vhosts/plccnczone.com/new.plccnczone.com/shared/public/uploads as yannick@92.39.246.126
 DEBUG [6617acfd] Command: /usr/bin/env mkdir -p /var/www/vhosts/plccnczone.com/new.plccnczone.com/shared/public/uploads
  INFO [6617acfd] Finished in 0.237 seconds with exit status 0 (successful).
  INFO [897f47e8] Running /usr/bin/env mkdir -p /var/www/vhosts/plccnczone.com/new.plccnczone.com/shared as yannick@92.39.246.126
 DEBUG [897f47e8] Command: /usr/bin/env mkdir -p /var/www/vhosts/plccnczone.com/new.plccnczone.com/shared
  INFO [897f47e8] Finished in 0.237 seconds with exit status 0 (successful).
 DEBUG [276270e4] Running [ -f /var/www/vhosts/plccnczone.com/new.plccnczone.com/shared/.env ] as yannick@92.39.246.126
 DEBUG [276270e4] Command: [ -f /var/www/vhosts/plccnczone.com/new.plccnczone.com/shared/.env ]
 DEBUG [276270e4] Finished in 0.239 seconds with exit status 0 (successful).
 DEBUG [197e01d4] Running [ -f /var/www/vhosts/plccnczone.com/new.plccnczone.com/current/REVISION ] as yannick@92.39.246.126
 DEBUG [197e01d4] Command: [ -f /var/www/vhosts/plccnczone.com/new.plccnczone.com/current/REVISION ]
 DEBUG [197e01d4] Finished in 0.237 seconds with exit status 0 (successful).
 DEBUG [630ec71e] Running /usr/bin/env cat /var/www/vhosts/plccnczone.com/new.plccnczone.com/current/REVISION 2>/dev/null as yannick@92.39.246.126
 DEBUG [630ec71e] Command: /usr/bin/env cat /var/www/vhosts/plccnczone.com/new.plccnczone.com/current/REVISION 2>/dev/null
 DEBUG [630ec71e] 	d993ba68fc258044151e57e37067800bef432044
 DEBUG [630ec71e] Finished in 0.246 seconds with exit status 0 (successful).
 DEBUG [94053a05] Running [ -f /var/www/vhosts/plccnczone.com/new.plccnczone.com/repo/HEAD ] as yannick@92.39.246.126
 DEBUG [94053a05] Command: [ -f /var/www/vhosts/plccnczone.com/new.plccnczone.com/repo/HEAD ]
 DEBUG [94053a05] Finished in 0.238 seconds with exit status 0 (successful).
  INFO The repository mirror is at /var/www/vhosts/plccnczone.com/new.plccnczone.com/repo
 DEBUG [6a6891a0] Running if test ! -d /var/www/vhosts/plccnczone.com/new.plccnczone.com/repo; then echo "Directory does not exist '/var/www/vhosts/plccnczone.com/new.plccnczone.com/repo'" 1>&2; false; fi as yannick@92.39.246.126
 DEBUG [6a6891a0] Command: if test ! -d /var/www/vhosts/plccnczone.com/new.plccnczone.com/repo; then echo "Directory does not exist '/var/www/vhosts/plccnczone.com/new.plccnczone.com/repo'" 1>&2; false; fi
 DEBUG [6a6891a0] Finished in 0.139 seconds with exit status 0 (successful).
  INFO [05e2556a] Running /usr/bin/env git remote set-url origin https://github.com/yanndeo/plccnzone.git as yannick@92.39.246.126
 DEBUG [05e2556a] Command: cd /var/www/vhosts/plccnczone.com/new.plccnczone.com/repo && ( export GIT_ASKPASS="/bin/echo" GIT_SSH="/tmp/git-ssh-plccnzone-production-Maranatha.sh" ; /usr/bin/env git remote set-url origin https://github.com/yanndeo/plccnzone.git )
  INFO [05e2556a] Finished in 0.243 seconds with exit status 0 (successful).
  INFO [b749f726] Running /usr/bin/env git remote update --prune as yannick@92.39.246.126
 DEBUG [b749f726] Command: cd /var/www/vhosts/plccnczone.com/new.plccnczone.com/repo && ( export GIT_ASKPASS="/bin/echo" GIT_SSH="/tmp/git-ssh-plccnzone-production-Maranatha.sh" ; /usr/bin/env git remote update --prune )
 DEBUG [b749f726] 	Fetching origin
  INFO [b749f726] Finished in 0.960 seconds with exit status 0 (successful).
 DEBUG [cf9559d8] Running if test ! -d /var/www/vhosts/plccnczone.com/new.plccnczone.com/repo; then echo "Directory does not exist '/var/www/vhosts/plccnczone.com/new.plccnczone.com/repo'" 1>&2; false; fi as yannick@92.39.246.126
 DEBUG [cf9559d8] Command: if test ! -d /var/www/vhosts/plccnczone.com/new.plccnczone.com/repo; then echo "Directory does not exist '/var/www/vhosts/plccnczone.com/new.plccnczone.com/repo'" 1>&2; false; fi
 DEBUG [cf9559d8] Finished in 0.135 seconds with exit status 0 (successful).
  INFO [61c03c15] Running /usr/bin/env mkdir -p /var/www/vhosts/plccnczone.com/new.plccnczone.com/releases/20200303085637 as yannick@92.39.246.126
 DEBUG [61c03c15] Command: cd /var/www/vhosts/plccnczone.com/new.plccnczone.com/repo && ( export GIT_ASKPASS="/bin/echo" GIT_SSH="/tmp/git-ssh-plccnzone-production-Maranatha.sh" ; /usr/bin/env mkdir -p /var/www/vhosts/plccnczone.com/new.plccnczone.com/releases/20200303085637 )
  INFO [61c03c15] Finished in 0.241 seconds with exit status 0 (successful).
  INFO [4f80c7b9] Running /usr/bin/env git archive master | /usr/bin/env tar -x -f - -C /var/www/vhosts/plccnczone.com/new.plccnczone.com/releases/20200303085637 as yannick@92.39.246.126
 DEBUG [4f80c7b9] Command: cd /var/www/vhosts/plccnczone.com/new.plccnczone.com/repo && ( export GIT_ASKPASS="/bin/echo" GIT_SSH="/tmp/git-ssh-plccnzone-production-Maranatha.sh" ; /usr/bin/env git archive master | /usr/bin/env tar -x -f - -C /var/www/vhosts/plccnczone.com/new.plccnczone.com/releases/20200303085637 )
  INFO [4f80c7b9] Finished in 0.265 seconds with exit status 0 (successful).
 DEBUG [9794075c] Running if test ! -d /var/www/vhosts/plccnczone.com/new.plccnczone.com/repo; then echo "Directory does not exist '/var/www/vhosts/plccnczone.com/new.plccnczone.com/repo'" 1>&2; false; fi as yannick@92.39.246.126
 DEBUG [9794075c] Command: if test ! -d /var/www/vhosts/plccnczone.com/new.plccnczone.com/repo; then echo "Directory does not exist '/var/www/vhosts/plccnczone.com/new.plccnczone.com/repo'" 1>&2; false; fi
 DEBUG [9794075c] Finished in 0.145 seconds with exit status 0 (successful).
 DEBUG [16594091] Running /usr/bin/env git rev-list --max-count=1 master as yannick@92.39.246.126
 DEBUG [16594091] Command: cd /var/www/vhosts/plccnczone.com/new.plccnczone.com/repo && ( export GIT_ASKPASS="/bin/echo" GIT_SSH="/tmp/git-ssh-plccnzone-production-Maranatha.sh" ; /usr/bin/env git rev-list --max-count=1 master )
 DEBUG [16594091] 	d993ba68fc258044151e57e37067800bef432044
 DEBUG [16594091] Finished in 0.244 seconds with exit status 0 (successful).
 DEBUG [d95621a9] Running if test ! -d /var/www/vhosts/plccnczone.com/new.plccnczone.com/releases/20200303085637; then echo "Directory does not exist '/var/www/vhosts/plccnczone.com/new.plccnczone.com/releases/20200303085637'" 1>&2; false; fi as yannick@92.39.246.126
 DEBUG [d95621a9] Command: if test ! -d /var/www/vhosts/plccnczone.com/new.plccnczone.com/releases/20200303085637; then echo "Directory does not exist '/var/www/vhosts/plccnczone.com/new.plccnczone.com/releases/20200303085637'" 1>&2; false; fi
 DEBUG [d95621a9] Finished in 0.136 seconds with exit status 0 (successful).
  INFO [5ec7d2d5] Running /usr/bin/env echo "d993ba68fc258044151e57e37067800bef432044" > REVISION as yannick@92.39.246.126
 DEBUG [5ec7d2d5] Command: cd /var/www/vhosts/plccnczone.com/new.plccnczone.com/releases/20200303085637 && /usr/bin/env echo "d993ba68fc258044151e57e37067800bef432044" > REVISION
  INFO [5ec7d2d5] Finished in 0.240 seconds with exit status 0 (successful).
  INFO [45915f63] Running /usr/bin/env mkdir -p /var/www/vhosts/plccnczone.com/new.plccnczone.com/releases/20200303085637 as yannick@92.39.246.126
 DEBUG [45915f63] Command: /usr/bin/env mkdir -p /var/www/vhosts/plccnczone.com/new.plccnczone.com/releases/20200303085637
  INFO [45915f63] Finished in 0.244 seconds with exit status 0 (successful).
 DEBUG [b807cce3] Running [ -L /var/www/vhosts/plccnczone.com/new.plccnczone.com/releases/20200303085637/.env ] as yannick@92.39.246.126
 DEBUG [b807cce3] Command: [ -L /var/www/vhosts/plccnczone.com/new.plccnczone.com/releases/20200303085637/.env ]
 DEBUG [b807cce3] Finished in 0.237 seconds with exit status 1 (failed).
 DEBUG [af5e7aea] Running [ -f /var/www/vhosts/plccnczone.com/new.plccnczone.com/releases/20200303085637/.env ] as yannick@92.39.246.126
 DEBUG [af5e7aea] Command: [ -f /var/www/vhosts/plccnczone.com/new.plccnczone.com/releases/20200303085637/.env ]
 DEBUG [af5e7aea] Finished in 0.263 seconds with exit status 0 (successful).
  INFO [a5962cc1] Running /usr/bin/env rm /var/www/vhosts/plccnczone.com/new.plccnczone.com/releases/20200303085637/.env as yannick@92.39.246.126
 DEBUG [a5962cc1] Command: /usr/bin/env rm /var/www/vhosts/plccnczone.com/new.plccnczone.com/releases/20200303085637/.env
  INFO [a5962cc1] Finished in 0.241 seconds with exit status 0 (successful).
  INFO [16dc6cd1] Running /usr/bin/env ln -s /var/www/vhosts/plccnczone.com/new.plccnczone.com/shared/.env /var/www/vhosts/plccnczone.com/new.plccnczone.com/releases/20200303085637/.env as yannick@92.39.246.126
 DEBUG [16dc6cd1] Command: /usr/bin/env ln -s /var/www/vhosts/plccnczone.com/new.plccnczone.com/shared/.env /var/www/vhosts/plccnczone.com/new.plccnczone.com/releases/20200303085637/.env
  INFO [16dc6cd1] Finished in 0.266 seconds with exit status 0 (successful).
  INFO [f47678a3] Running /usr/bin/env mkdir -p /var/www/vhosts/plccnczone.com/new.plccnczone.com/releases/20200303085637/public as yannick@92.39.246.126
 DEBUG [f47678a3] Command: /usr/bin/env mkdir -p /var/www/vhosts/plccnczone.com/new.plccnczone.com/releases/20200303085637/public
  INFO [f47678a3] Finished in 0.273 seconds with exit status 0 (successful).
 DEBUG [151e61cb] Running [ -L /var/www/vhosts/plccnczone.com/new.plccnczone.com/releases/20200303085637/public/uploads ] as yannick@92.39.246.126
 DEBUG [151e61cb] Command: [ -L /var/www/vhosts/plccnczone.com/new.plccnczone.com/releases/20200303085637/public/uploads ]
 DEBUG [151e61cb] Finished in 0.238 seconds with exit status 1 (failed).
 DEBUG [e6814b96] Running [ -d /var/www/vhosts/plccnczone.com/new.plccnczone.com/releases/20200303085637/public/uploads ] as yannick@92.39.246.126
 DEBUG [e6814b96] Command: [ -d /var/www/vhosts/plccnczone.com/new.plccnczone.com/releases/20200303085637/public/uploads ]
 DEBUG [e6814b96] Finished in 0.239 seconds with exit status 1 (failed).
  INFO [11e60973] Running /usr/bin/env ln -s /var/www/vhosts/plccnczone.com/new.plccnczone.com/shared/public/uploads /var/www/vhosts/plccnczone.com/new.plccnczone.com/releases/20200303085637/public/uploads as yannick@92.39.246.126
 DEBUG [11e60973] Command: /usr/bin/env ln -s /var/www/vhosts/plccnczone.com/new.plccnczone.com/shared/public/uploads /var/www/vhosts/plccnczone.com/new.plccnczone.com/releases/20200303085637/public/uploads
  INFO [11e60973] Finished in 0.239 seconds with exit status 0 (successful).
 DEBUG [61d4fede] Running if test ! -d /var/www/vhosts/plccnczone.com/new.plccnczone.com/releases/20200303085637; then echo "Directory does not exist '/var/www/vhosts/plccnczone.com/new.plccnczone.com/releases/20200303085637'" 1>&2; false; fi as yannick@92.39.246.126
 DEBUG [61d4fede] Command: if test ! -d /var/www/vhosts/plccnczone.com/new.plccnczone.com/releases/20200303085637; then echo "Directory does not exist '/var/www/vhosts/plccnczone.com/new.plccnczone.com/releases/20200303085637'" 1>&2; false; fi
 DEBUG [61d4fede] Finished in 0.238 seconds with exit status 0 (successful).
  INFO [73f12f54] Running /usr/bin/env /opt/plesk/php/7.2/bin/php /usr/local/bin/composer install --no-dev --optimize-autoloader as yannick@92.39.246.126
 DEBUG [73f12f54] Command: cd /var/www/vhosts/plccnczone.com/new.plccnczone.com/releases/20200303085637 && /usr/bin/env /opt/plesk/php/7.2/bin/php /usr/local/bin/composer install --no-dev --optimize-autoloader
 DEBUG [73f12f54] 	Loading composer repositories with package information
 DEBUG [73f12f54] 	Installing dependencies from lock file
 DEBUG [73f12f54] 	Package operations: 71 installs, 0 updates, 0 removals
 DEBUG [73f12f54] 	  - Installing symfony/flex (v1.6.2): 
 DEBUG [73f12f54] 	Loading from cache
 DEBUG [73f12f54] 	  - Installing doctrine/lexer (1.2.0): 
 DEBUG [73f12f54] 	Loading from cache
 DEBUG [73f12f54] 	
 DEBUG [73f12f54] 	  - Installing phpdocumentor/reflection-common (2.0.0): 
 DEBUG [73f12f54] 	Loading from cache
 DEBUG [73f12f54] 	  - Installing phpdocumentor/type-resolver (1.1.0): 
 DEBUG [73f12f54] 	Loading from cache
 DEBUG [73f12f54] 	  - Installing psr/container (1.0.0): 
 DEBUG [73f12f54] 	Loading from cache
 DEBUG [73f12f54] 	
 DEBUG [73f12f54] 	  - Installing symfony/polyfill-php73 (v1.14.0): 
 DEBUG [73f12f54] 	Loading from cache
 DEBUG [73f12f54] 	
 DEBUG [73f12f54] 	  - Installing symfony/polyfill-mbstring (v1.14.0): 
 DEBUG [73f12f54] 	Loading from cache
 DEBUG [73f12f54] 	
 DEBUG [73f12f54] 	  - Installing symfony/polyfill-php72 (v1.14.0): 
 DEBUG [73f12f54] 	Loading from cache
 DEBUG [73f12f54] 	
 DEBUG [73f12f54] 	  - Installing symfony/polyfill-intl-idn (v1.14.0): 
 DEBUG [73f12f54] 	Loading from cache
 DEBUG [73f12f54] 	  - Installing symfony/mime (v4.4.5): 
 DEBUG [73f12f54] 	Loading from cache
 DEBUG [73f12f54] 	  - Installing symfony/http-foundation (v4.4.5): 
 DEBUG [73f12f54] 	Loading from cache
 DEBUG [73f12f54] 	
 DEBUG [73f12f54] 	  - Installing symfony/event-dispatcher-contracts (v1.1.7): 
 DEBUG [73f12f54] 	Loading from cache
 DEBUG [73f12f54] 	
 DEBUG [73f12f54] 	  - Installing symfony/event-dispatcher (v4.4.5): 
 DEBUG [73f12f54] 	Loading from cache
 DEBUG [73f12f54] 	  - Installing symfony/var-dumper (v4.4.5): 
 DEBUG [73f12f54] 	Loading from cache
 DEBUG [73f12f54] 	
 DEBUG [73f12f54] 	  - Installing psr/log (1.1.2): 
 DEBUG [73f12f54] 	Loading from cache
 DEBUG [73f12f54] 	  - Installing symfony/debug (v4.4.5): 
 DEBUG [73f12f54] 	Loading from cache
 DEBUG [73f12f54] 	
 DEBUG [73f12f54] 	  - Installing symfony/error-handler (v4.4.5): 
 DEBUG [73f12f54] 	Loading from cache
 DEBUG [73f12f54] 	
 DEBUG [73f12f54] 	  - Installing symfony/http-kernel (v4.4.5): 
 DEBUG [73f12f54] 	Loading from cache
 DEBUG [73f12f54] 	
 DEBUG [73f12f54] 	  - Installing symfony/routing (v4.4.5): 
 DEBUG [73f12f54] 	Loading from cache
 DEBUG [73f12f54] 	
 DEBUG [73f12f54] 	  - Installing symfony/finder (v4.4.5): 
 DEBUG [73f12f54] 	Loading from cache
 DEBUG [73f12f54] 	
 DEBUG [73f12f54] 	  - Installing symfony/filesystem (v4.4.5): 
 DEBUG [73f12f54] 	Loading from cache
 DEBUG [73f12f54] 	
 DEBUG [73f12f54] 	  - Installing symfony/service-contracts (v2.0.1): 
 DEBUG [73f12f54] 	Loading from cache
 DEBUG [73f12f54] 	  - Installing symfony/dependency-injection (v4.4.5): 
 DEBUG [73f12f54] 	Loading from cache
 DEBUG [73f12f54] 	  - Installing symfony/config (v4.4.5): 
 DEBUG [73f12f54] 	Loading from cache
 DEBUG [73f12f54] 	  - Installing symfony/var-exporter (v4.4.5): 
 DEBUG [73f12f54] 	Loading from cache
 DEBUG [73f12f54] 	
 DEBUG [73f12f54] 	  - Installing psr/cache (1.0.1): 
 DEBUG [73f12f54] 	Loading from cache
 DEBUG [73f12f54] 	  - Installing symfony/cache-contracts (v2.0.1): 
 DEBUG [73f12f54] 	Loading from cache
 DEBUG [73f12f54] 	
 DEBUG [73f12f54] 	  - Installing symfony/cache (v4.4.5): 
 DEBUG [73f12f54] 	Loading from cache
 DEBUG [73f12f54] 	
 DEBUG [73f12f54] 	  - Installing symfony/framework-bundle (v4.4.5): 
 DEBUG [73f12f54] 	Loading from cache
 DEBUG [73f12f54] 	  - Installing doctrine/annotations (v1.8.0): 
 DEBUG [73f12f54] 	Loading from cache
 DEBUG [73f12f54] 	
 DEBUG [73f12f54] 	  - Installing sensio/framework-extra-bundle (v5.5.3): 
 DEBUG [73f12f54] 	Loading from cache
 DEBUG [73f12f54] 	
 DEBUG [73f12f54] 	  - Installing symfony/console (v4.4.5): 
 DEBUG [73f12f54] 	Loading from cache
 DEBUG [73f12f54] 	
 DEBUG [73f12f54] 	  - Installing symfony/dotenv (v4.4.5): 
 DEBUG [73f12f54] 	Loading from cache
 DEBUG [73f12f54] 	
 DEBUG [73f12f54] 	  - Installing symfony/expression-language (v4.4.5): 
 DEBUG [73f12f54] 	Loading from cache
 DEBUG [73f12f54] 	
 DEBUG [73f12f54] 	  - Installing symfony/inflector (v4.4.5): 
 DEBUG [73f12f54] 	Loading from cache
 DEBUG [73f12f54] 	
 DEBUG [73f12f54] 	  - Installing symfony/property-access (v4.4.5): 
 DEBUG [73f12f54] 	Loading from cache
 DEBUG [73f12f54] 	  - Installing symfony/options-resolver (v4.4.5): 
 DEBUG [73f12f54] 	Loading from cache
 DEBUG [73f12f54] 	  - Installing symfony/intl (v4.4.5): 
 DEBUG [73f12f54] 	Loading from cache
 DEBUG [73f12f54] 	  - Installing symfony/polyfill-intl-icu (v1.14.0): 
 DEBUG [73f12f54] 	Loading from cache
 DEBUG [73f12f54] 	  - Installing symfony/form (v4.4.5): 
 DEBUG [73f12f54] 	Loading from cache
 DEBUG [73f12f54] 	
 DEBUG [73f12f54] 	  - Installing symfony/http-client-contracts (v2.0.1): 
 DEBUG [73f12f54] 	Loading from cache
 DEBUG [73f12f54] 	  - Installing symfony/http-client (v4.4.5): 
 DEBUG [73f12f54] 	Loading from cache
 DEBUG [73f12f54] 	  - Installing egulias/email-validator (2.1.17): 
 DEBUG [73f12f54] 	Loading from cache
 DEBUG [73f12f54] 	  - Installing symfony/mailer (v4.4.5): 
 DEBUG [73f12f54] 	Loading from cache
 DEBUG [73f12f54] 	  - Installing monolog/monolog (1.25.3): 
 DEBUG [73f12f54] 	Loading from cache
 DEBUG [73f12f54] 	  - Installing symfony/monolog-bridge (v4.4.5): 
 DEBUG [73f12f54] 	Loading from cache
 DEBUG [73f12f54] 	  - Installing symfony/monolog-bundle (v3.5.0): 
 DEBUG [73f12f54] 	Loading from cache
 DEBUG [73f12f54] 	  - Installing symfony/process (v4.4.5): 
 DEBUG [73f12f54] 	Loading from cache
 DEBUG [73f12f54] 	  - Installing symfony/security-core (v4.4.5): 
 DEBUG [73f12f54] 	Loading from cache
 DEBUG [73f12f54] 	  - Installing symfony/security-http (v4.4.5): 
 DEBUG [73f12f54] 	Loading from cache
 DEBUG [73f12f54] 	  - Installing symfony/security-guard (v4.4.5): 
 DEBUG [73f12f54] 	Loading from cache
 DEBUG [73f12f54] 	  - Installing symfony/security-csrf (v4.4.5): 
 DEBUG [73f12f54] 	Loading from cache
 DEBUG [73f12f54] 	  - Installing symfony/security-bundle (v4.4.5): 
 DEBUG [73f12f54] 	Loading from cache
 DEBUG [73f12f54] 	  - Installing symfony/serializer (v4.4.5): 
 DEBUG [73f12f54] 	Loading from cache
 DEBUG [73f12f54] 	  - Installing symfony/property-info (v4.4.5): 
 DEBUG [73f12f54] 	Loading from cache
 DEBUG [73f12f54] 	  - Installing webmozart/assert (1.7.0): 
 DEBUG [73f12f54] 	Loading from cache
 DEBUG [73f12f54] 	  - Installing phpdocumentor/reflection-docblock (4.3.4): 
 DEBUG [73f12f54] 	Loading from cache
 DEBUG [73f12f54] 	  - Installing symfony/serializer-pack (v1.0.2): 
 DEBUG [73f12f54] 	Loading from cache
 DEBUG [73f12f54] 	  - Installing symfony/translation-contracts (v2.0.1): 
 DEBUG [73f12f54] 	Loading from cache
 DEBUG [73f12f54] 	  - Installing symfony/translation (v4.4.5): 
 DEBUG [73f12f54] 	Loading from cache
 DEBUG [73f12f54] 	  - Installing twig/twig (v3.0.3): 
 DEBUG [73f12f54] 	Loading from cache
 DEBUG [73f12f54] 	  - Installing symfony/twig-bridge (v4.4.5): 
 DEBUG [73f12f54] 	Loading from cache
 DEBUG [73f12f54] 	  - Installing symfony/twig-bundle (v4.4.5): 
 DEBUG [73f12f54] 	Loading from cache
 DEBUG [73f12f54] 	
 DEBUG [73f12f54] 	  - Installing twig/extra-bundle (v3.0.3): 
 DEBUG [73f12f54] 	Loading from cache
 DEBUG [73f12f54] 	
 DEBUG [73f12f54] 	  - Installing symfony/twig-pack (v1.0.0): 
 DEBUG [73f12f54] 	Loading from cache
 DEBUG [73f12f54] 	  - Installing symfony/validator (v4.4.5): 
 DEBUG [73f12f54] 	Loading from cache
 DEBUG [73f12f54] 	  - Installing psr/link (1.0.0): 
 DEBUG [73f12f54] 	Loading from cache
 DEBUG [73f12f54] 	
 DEBUG [73f12f54] 	  - Installing symfony/web-link (v4.4.5): 
 DEBUG [73f12f54] 	Loading from cache
 DEBUG [73f12f54] 	
 DEBUG [73f12f54] 	  - Installing symfony/asset (v4.4.5): 
 DEBUG [73f12f54] 	Loading from cache
 DEBUG [73f12f54] 	
 DEBUG [73f12f54] 	  - Installing symfony/webpack-encore-bundle (v1.7.3): 
 DEBUG [73f12f54] 	Loading from cache
 DEBUG [73f12f54] 	
 DEBUG [73f12f54] 	  - Installing symfony/yaml (v4.4.5): 
 DEBUG [73f12f54] 	Loading from cache
 DEBUG [73f12f54] 	
 DEBUG [73f12f54] 	Generating optimized autoload files
 DEBUG [73f12f54] 	Executing script cache:clear
 DEBUG [73f12f54] 	 [OK]
Executing script assets:install public
 DEBUG [73f12f54] 	
 DEBUG [73f12f54] 	 [OK]
  INFO [73f12f54] Finished in 6.738 seconds with exit status 0 (successful).
  INFO [57f764ed] Running /usr/bin/env ln -s /var/www/vhosts/plccnczone.com/new.plccnczone.com/releases/20200303085637 /var/www/vhosts/plccnczone.com/new.plccnczone.com/releases/current as yannick@92.39.246.126
 DEBUG [57f764ed] Command: /usr/bin/env ln -s /var/www/vhosts/plccnczone.com/new.plccnczone.com/releases/20200303085637 /var/www/vhosts/plccnczone.com/new.plccnczone.com/releases/current
  INFO [57f764ed] Finished in 0.237 seconds with exit status 0 (successful).
  INFO [d58dd563] Running /usr/bin/env mv /var/www/vhosts/plccnczone.com/new.plccnczone.com/releases/current /var/www/vhosts/plccnczone.com/new.plccnczone.com as yannick@92.39.246.126
 DEBUG [d58dd563] Command: /usr/bin/env mv /var/www/vhosts/plccnczone.com/new.plccnczone.com/releases/current /var/www/vhosts/plccnczone.com/new.plccnczone.com
  INFO [d58dd563] Finished in 0.244 seconds with exit status 0 (successful).
 DEBUG [3463b4b0] Running /usr/bin/env ls -x /var/www/vhosts/plccnczone.com/new.plccnczone.com/releases as yannick@92.39.246.126
 DEBUG [3463b4b0] Command: /usr/bin/env ls -x /var/www/vhosts/plccnczone.com/new.plccnczone.com/releases
 DEBUG [3463b4b0] 	20200303000114	20200303000328	20200303000731	20200303001337	20200303085637
 DEBUG [3463b4b0] Finished in 0.243 seconds with exit status 0 (successful).
  INFO Keeping 4 of 5 deployed releases on 92.39.246.126
 DEBUG [a4badae0] Running [ -d /var/www/vhosts/plccnczone.com/new.plccnczone.com/current ] as yannick@92.39.246.126
 DEBUG [a4badae0] Command: [ -d /var/www/vhosts/plccnczone.com/new.plccnczone.com/current ]
 DEBUG [a4badae0] Finished in 0.237 seconds with exit status 0 (successful).
 DEBUG [12bf0825] Running /usr/bin/env readlink /var/www/vhosts/plccnczone.com/new.plccnczone.com/current as yannick@92.39.246.126
 DEBUG [12bf0825] Command: /usr/bin/env readlink /var/www/vhosts/plccnczone.com/new.plccnczone.com/current
 DEBUG [12bf0825] 	/var/www/vhosts/plccnczone.com/new.plccnczone.com/releases/20200303085637
 DEBUG [12bf0825] Finished in 0.243 seconds with exit status 0 (successful).
  INFO [82f2f5fa] Running /usr/bin/env rm -rf /var/www/vhosts/plccnczone.com/new.plccnczone.com/releases/20200303000114 as yannick@92.39.246.126
 DEBUG [82f2f5fa] Command: /usr/bin/env rm -rf /var/www/vhosts/plccnczone.com/new.plccnczone.com/releases/20200303000114
  INFO [82f2f5fa] Finished in 1.811 seconds with exit status 0 (successful).
 DEBUG [5c318b45] Running if test ! -d /var/www/vhosts/plccnczone.com/new.plccnczone.com/releases; then echo "Directory does not exist '/var/www/vhosts/plccnczone.com/new.plccnczone.com/releases'" 1>&2; false; fi as yannick@92.39.246.126
 DEBUG [5c318b45] Command: if test ! -d /var/www/vhosts/plccnczone.com/new.plccnczone.com/releases; then echo "Directory does not exist '/var/www/vhosts/plccnczone.com/new.plccnczone.com/releases'" 1>&2; false; fi
 DEBUG [5c318b45] Finished in 0.237 seconds with exit status 0 (successful).
  INFO [226afd98] Running /usr/bin/env echo "Branch master (at d993ba68fc258044151e57e37067800bef432044) deployed as release 20200303085637 by Maranatha" >> /var/www/vhosts/plccnczone.com/new.plccnczone.com/revisions.log as yannick@92.39.246.126
 DEBUG [226afd98] Command: cd /var/www/vhosts/plccnczone.com/new.plccnczone.com/releases && /usr/bin/env echo "Branch master (at d993ba68fc258044151e57e37067800bef432044) deployed as release 20200303085637 by Maranatha" >> /var/www/vhosts/plccnczone.com/new.plccnczone.com/revisions.log
  INFO [226afd98] Finished in 0.254 seconds with exit status 0 (successful).
  INFO ---------------------------------------------------------------------------
  INFO START 2020-03-03 09:58:35 +0100 cap production deploy
  INFO ---------------------------------------------------------------------------
  INFO [788d609d] Running /usr/bin/env mkdir -p /tmp as yannick@92.39.246.126
 DEBUG [788d609d] Command: /usr/bin/env mkdir -p /tmp
  INFO [788d609d] Finished in 1.145 seconds with exit status 0 (successful).
 DEBUG Uploading /tmp/git-ssh-plccnzone-production-Maranatha.sh 0.0%
  INFO Uploading /tmp/git-ssh-plccnzone-production-Maranatha.sh 100.0%
  INFO [4c5b0df4] Running /usr/bin/env chmod 700 /tmp/git-ssh-plccnzone-production-Maranatha.sh as yannick@92.39.246.126
 DEBUG [4c5b0df4] Command: /usr/bin/env chmod 700 /tmp/git-ssh-plccnzone-production-Maranatha.sh
  INFO [4c5b0df4] Finished in 0.238 seconds with exit status 0 (successful).
  INFO [d954b928] Running /usr/bin/env git ls-remote https://github.com/yanndeo/plccnzone.git HEAD as yannick@92.39.246.126
 DEBUG [d954b928] Command: ( export GIT_ASKPASS="/bin/echo" GIT_SSH="/tmp/git-ssh-plccnzone-production-Maranatha.sh" ; /usr/bin/env git ls-remote https://github.com/yanndeo/plccnzone.git HEAD )
 DEBUG [d954b928] 	d993ba68fc258044151e57e37067800bef432044	HEAD
  INFO [d954b928] Finished in 0.723 seconds with exit status 0 (successful).
  INFO [ac4b1e8c] Running /usr/bin/env mkdir -p /var/www/vhosts/plccnczone.com/new.plccnczone.com/shared /var/www/vhosts/plccnczone.com/new.plccnczone.com/releases as yannick@92.39.246.126
 DEBUG [ac4b1e8c] Command: /usr/bin/env mkdir -p /var/www/vhosts/plccnczone.com/new.plccnczone.com/shared /var/www/vhosts/plccnczone.com/new.plccnczone.com/releases
  INFO [ac4b1e8c] Finished in 0.140 seconds with exit status 0 (successful).
  INFO [3b25fe24] Running /usr/bin/env mkdir -p /var/www/vhosts/plccnczone.com/new.plccnczone.com/shared/public/uploads as yannick@92.39.246.126
 DEBUG [3b25fe24] Command: /usr/bin/env mkdir -p /var/www/vhosts/plccnczone.com/new.plccnczone.com/shared/public/uploads
  INFO [3b25fe24] Finished in 0.242 seconds with exit status 0 (successful).
  INFO [6b0a85fc] Running /usr/bin/env mkdir -p /var/www/vhosts/plccnczone.com/new.plccnczone.com/shared as yannick@92.39.246.126
 DEBUG [6b0a85fc] Command: /usr/bin/env mkdir -p /var/www/vhosts/plccnczone.com/new.plccnczone.com/shared
  INFO [6b0a85fc] Finished in 0.241 seconds with exit status 0 (successful).
 DEBUG [79988098] Running [ -f /var/www/vhosts/plccnczone.com/new.plccnczone.com/shared/.env ] as yannick@92.39.246.126
 DEBUG [79988098] Command: [ -f /var/www/vhosts/plccnczone.com/new.plccnczone.com/shared/.env ]
 DEBUG [79988098] Finished in 0.238 seconds with exit status 0 (successful).
 DEBUG [e47c23f6] Running [ -f /var/www/vhosts/plccnczone.com/new.plccnczone.com/current/REVISION ] as yannick@92.39.246.126
 DEBUG [e47c23f6] Command: [ -f /var/www/vhosts/plccnczone.com/new.plccnczone.com/current/REVISION ]
 DEBUG [e47c23f6] Finished in 0.238 seconds with exit status 0 (successful).
 DEBUG [20ac9f78] Running /usr/bin/env cat /var/www/vhosts/plccnczone.com/new.plccnczone.com/current/REVISION 2>/dev/null as yannick@92.39.246.126
 DEBUG [20ac9f78] Command: /usr/bin/env cat /var/www/vhosts/plccnczone.com/new.plccnczone.com/current/REVISION 2>/dev/null
 DEBUG [20ac9f78] 	d993ba68fc258044151e57e37067800bef432044
 DEBUG [20ac9f78] Finished in 0.288 seconds with exit status 0 (successful).
 DEBUG [191809ff] Running [ -f /var/www/vhosts/plccnczone.com/new.plccnczone.com/repo/HEAD ] as yannick@92.39.246.126
 DEBUG [191809ff] Command: [ -f /var/www/vhosts/plccnczone.com/new.plccnczone.com/repo/HEAD ]
 DEBUG [191809ff] Finished in 0.236 seconds with exit status 0 (successful).
  INFO The repository mirror is at /var/www/vhosts/plccnczone.com/new.plccnczone.com/repo
 DEBUG [0604deeb] Running if test ! -d /var/www/vhosts/plccnczone.com/new.plccnczone.com/repo; then echo "Directory does not exist '/var/www/vhosts/plccnczone.com/new.plccnczone.com/repo'" 1>&2; false; fi as yannick@92.39.246.126
 DEBUG [0604deeb] Command: if test ! -d /var/www/vhosts/plccnczone.com/new.plccnczone.com/repo; then echo "Directory does not exist '/var/www/vhosts/plccnczone.com/new.plccnczone.com/repo'" 1>&2; false; fi
 DEBUG [0604deeb] Finished in 0.136 seconds with exit status 0 (successful).
  INFO [c0af8052] Running /usr/bin/env git remote set-url origin https://github.com/yanndeo/plccnzone.git as yannick@92.39.246.126
 DEBUG [c0af8052] Command: cd /var/www/vhosts/plccnczone.com/new.plccnczone.com/repo && ( export GIT_ASKPASS="/bin/echo" GIT_SSH="/tmp/git-ssh-plccnzone-production-Maranatha.sh" ; /usr/bin/env git remote set-url origin https://github.com/yanndeo/plccnzone.git )
  INFO [c0af8052] Finished in 0.241 seconds with exit status 0 (successful).
  INFO [5394e5a5] Running /usr/bin/env git remote update --prune as yannick@92.39.246.126
 DEBUG [5394e5a5] Command: cd /var/www/vhosts/plccnczone.com/new.plccnczone.com/repo && ( export GIT_ASKPASS="/bin/echo" GIT_SSH="/tmp/git-ssh-plccnzone-production-Maranatha.sh" ; /usr/bin/env git remote update --prune )
 DEBUG [5394e5a5] 	Fetching origin
  INFO [5394e5a5] Finished in 0.897 seconds with exit status 0 (successful).
 DEBUG [ab825964] Running if test ! -d /var/www/vhosts/plccnczone.com/new.plccnczone.com/repo; then echo "Directory does not exist '/var/www/vhosts/plccnczone.com/new.plccnczone.com/repo'" 1>&2; false; fi as yannick@92.39.246.126
 DEBUG [ab825964] Command: if test ! -d /var/www/vhosts/plccnczone.com/new.plccnczone.com/repo; then echo "Directory does not exist '/var/www/vhosts/plccnczone.com/new.plccnczone.com/repo'" 1>&2; false; fi
 DEBUG [ab825964] Finished in 0.138 seconds with exit status 0 (successful).
  INFO [95bf71a4] Running /usr/bin/env mkdir -p /var/www/vhosts/plccnczone.com/new.plccnczone.com/releases/20200303085845 as yannick@92.39.246.126
 DEBUG [95bf71a4] Command: cd /var/www/vhosts/plccnczone.com/new.plccnczone.com/repo && ( export GIT_ASKPASS="/bin/echo" GIT_SSH="/tmp/git-ssh-plccnzone-production-Maranatha.sh" ; /usr/bin/env mkdir -p /var/www/vhosts/plccnczone.com/new.plccnczone.com/releases/20200303085845 )
  INFO [95bf71a4] Finished in 0.239 seconds with exit status 0 (successful).
  INFO [cb217a5d] Running /usr/bin/env git archive master | /usr/bin/env tar -x -f - -C /var/www/vhosts/plccnczone.com/new.plccnczone.com/releases/20200303085845 as yannick@92.39.246.126
 DEBUG [cb217a5d] Command: cd /var/www/vhosts/plccnczone.com/new.plccnczone.com/repo && ( export GIT_ASKPASS="/bin/echo" GIT_SSH="/tmp/git-ssh-plccnzone-production-Maranatha.sh" ; /usr/bin/env git archive master | /usr/bin/env tar -x -f - -C /var/www/vhosts/plccnczone.com/new.plccnczone.com/releases/20200303085845 )
  INFO [cb217a5d] Finished in 0.253 seconds with exit status 0 (successful).
 DEBUG [e21eeb62] Running if test ! -d /var/www/vhosts/plccnczone.com/new.plccnczone.com/repo; then echo "Directory does not exist '/var/www/vhosts/plccnczone.com/new.plccnczone.com/repo'" 1>&2; false; fi as yannick@92.39.246.126
 DEBUG [e21eeb62] Command: if test ! -d /var/www/vhosts/plccnczone.com/new.plccnczone.com/repo; then echo "Directory does not exist '/var/www/vhosts/plccnczone.com/new.plccnczone.com/repo'" 1>&2; false; fi
 DEBUG [e21eeb62] Finished in 0.135 seconds with exit status 0 (successful).
 DEBUG [4ab1f321] Running /usr/bin/env git rev-list --max-count=1 master as yannick@92.39.246.126
 DEBUG [4ab1f321] Command: cd /var/www/vhosts/plccnczone.com/new.plccnczone.com/repo && ( export GIT_ASKPASS="/bin/echo" GIT_SSH="/tmp/git-ssh-plccnzone-production-Maranatha.sh" ; /usr/bin/env git rev-list --max-count=1 master )
 DEBUG [4ab1f321] 	d993ba68fc258044151e57e37067800bef432044
 DEBUG [4ab1f321] Finished in 0.243 seconds with exit status 0 (successful).
 DEBUG [9bc57a73] Running if test ! -d /var/www/vhosts/plccnczone.com/new.plccnczone.com/releases/20200303085845; then echo "Directory does not exist '/var/www/vhosts/plccnczone.com/new.plccnczone.com/releases/20200303085845'" 1>&2; false; fi as yannick@92.39.246.126
 DEBUG [9bc57a73] Command: if test ! -d /var/www/vhosts/plccnczone.com/new.plccnczone.com/releases/20200303085845; then echo "Directory does not exist '/var/www/vhosts/plccnczone.com/new.plccnczone.com/releases/20200303085845'" 1>&2; false; fi
 DEBUG [9bc57a73] Finished in 0.137 seconds with exit status 0 (successful).
  INFO [b5e132c4] Running /usr/bin/env echo "d993ba68fc258044151e57e37067800bef432044" > REVISION as yannick@92.39.246.126
 DEBUG [b5e132c4] Command: cd /var/www/vhosts/plccnczone.com/new.plccnczone.com/releases/20200303085845 && /usr/bin/env echo "d993ba68fc258044151e57e37067800bef432044" > REVISION
  INFO [b5e132c4] Finished in 0.239 seconds with exit status 0 (successful).
  INFO [37d35f7b] Running /usr/bin/env mkdir -p /var/www/vhosts/plccnczone.com/new.plccnczone.com/releases/20200303085845 as yannick@92.39.246.126
 DEBUG [37d35f7b] Command: /usr/bin/env mkdir -p /var/www/vhosts/plccnczone.com/new.plccnczone.com/releases/20200303085845
  INFO [37d35f7b] Finished in 0.240 seconds with exit status 0 (successful).
 DEBUG [08e82856] Running [ -L /var/www/vhosts/plccnczone.com/new.plccnczone.com/releases/20200303085845/.env ] as yannick@92.39.246.126
 DEBUG [08e82856] Command: [ -L /var/www/vhosts/plccnczone.com/new.plccnczone.com/releases/20200303085845/.env ]
 DEBUG [08e82856] Finished in 0.236 seconds with exit status 1 (failed).
 DEBUG [02ea144f] Running [ -f /var/www/vhosts/plccnczone.com/new.plccnczone.com/releases/20200303085845/.env ] as yannick@92.39.246.126
 DEBUG [02ea144f] Command: [ -f /var/www/vhosts/plccnczone.com/new.plccnczone.com/releases/20200303085845/.env ]
 DEBUG [02ea144f] Finished in 0.242 seconds with exit status 0 (successful).
  INFO [a28d2787] Running /usr/bin/env rm /var/www/vhosts/plccnczone.com/new.plccnczone.com/releases/20200303085845/.env as yannick@92.39.246.126
 DEBUG [a28d2787] Command: /usr/bin/env rm /var/www/vhosts/plccnczone.com/new.plccnczone.com/releases/20200303085845/.env
  INFO [a28d2787] Finished in 0.259 seconds with exit status 0 (successful).
  INFO [1b568325] Running /usr/bin/env ln -s /var/www/vhosts/plccnczone.com/new.plccnczone.com/shared/.env /var/www/vhosts/plccnczone.com/new.plccnczone.com/releases/20200303085845/.env as yannick@92.39.246.126
 DEBUG [1b568325] Command: /usr/bin/env ln -s /var/www/vhosts/plccnczone.com/new.plccnczone.com/shared/.env /var/www/vhosts/plccnczone.com/new.plccnczone.com/releases/20200303085845/.env
  INFO [1b568325] Finished in 0.239 seconds with exit status 0 (successful).
  INFO [c1703655] Running /usr/bin/env mkdir -p /var/www/vhosts/plccnczone.com/new.plccnczone.com/releases/20200303085845/public as yannick@92.39.246.126
 DEBUG [c1703655] Command: /usr/bin/env mkdir -p /var/www/vhosts/plccnczone.com/new.plccnczone.com/releases/20200303085845/public
  INFO [c1703655] Finished in 0.242 seconds with exit status 0 (successful).
 DEBUG [1b7e32d3] Running [ -L /var/www/vhosts/plccnczone.com/new.plccnczone.com/releases/20200303085845/public/uploads ] as yannick@92.39.246.126
 DEBUG [1b7e32d3] Command: [ -L /var/www/vhosts/plccnczone.com/new.plccnczone.com/releases/20200303085845/public/uploads ]
 DEBUG [1b7e32d3] Finished in 0.238 seconds with exit status 1 (failed).
 DEBUG [acc97c0d] Running [ -d /var/www/vhosts/plccnczone.com/new.plccnczone.com/releases/20200303085845/public/uploads ] as yannick@92.39.246.126
 DEBUG [acc97c0d] Command: [ -d /var/www/vhosts/plccnczone.com/new.plccnczone.com/releases/20200303085845/public/uploads ]
 DEBUG [acc97c0d] Finished in 0.226 seconds with exit status 1 (failed).
  INFO [cdaffdd4] Running /usr/bin/env ln -s /var/www/vhosts/plccnczone.com/new.plccnczone.com/shared/public/uploads /var/www/vhosts/plccnczone.com/new.plccnczone.com/releases/20200303085845/public/uploads as yannick@92.39.246.126
 DEBUG [cdaffdd4] Command: /usr/bin/env ln -s /var/www/vhosts/plccnczone.com/new.plccnczone.com/shared/public/uploads /var/www/vhosts/plccnczone.com/new.plccnczone.com/releases/20200303085845/public/uploads
  INFO [cdaffdd4] Finished in 0.239 seconds with exit status 0 (successful).
 DEBUG [f305c66d] Running if test ! -d /var/www/vhosts/plccnczone.com/new.plccnczone.com/releases/20200303085845; then echo "Directory does not exist '/var/www/vhosts/plccnczone.com/new.plccnczone.com/releases/20200303085845'" 1>&2; false; fi as yannick@92.39.246.126
 DEBUG [f305c66d] Command: if test ! -d /var/www/vhosts/plccnczone.com/new.plccnczone.com/releases/20200303085845; then echo "Directory does not exist '/var/www/vhosts/plccnczone.com/new.plccnczone.com/releases/20200303085845'" 1>&2; false; fi
 DEBUG [f305c66d] Finished in 0.235 seconds with exit status 0 (successful).
  INFO [2dc8be32] Running /usr/bin/env /opt/plesk/php/7.2/bin/php /usr/local/bin/composer install --no-dev --optimize-autoloader as yannick@92.39.246.126
 DEBUG [2dc8be32] Command: cd /var/www/vhosts/plccnczone.com/new.plccnczone.com/releases/20200303085845 && /usr/bin/env /opt/plesk/php/7.2/bin/php /usr/local/bin/composer install --no-dev --optimize-autoloader
 DEBUG [2dc8be32] 	Loading composer repositories with package information
 DEBUG [2dc8be32] 	Installing dependencies from lock file
 DEBUG [2dc8be32] 	Package operations: 71 installs, 0 updates, 0 removals
 DEBUG [2dc8be32] 	  - Installing symfony/flex (v1.6.2): 
 DEBUG [2dc8be32] 	Loading from cache
 DEBUG [2dc8be32] 	
 DEBUG [2dc8be32] 	  - Installing doctrine/lexer (1.2.0): 
 DEBUG [2dc8be32] 	Loading from cache
 DEBUG [2dc8be32] 	
 DEBUG [2dc8be32] 	  - Installing phpdocumentor/reflection-common (2.0.0): 
 DEBUG [2dc8be32] 	Loading from cache
 DEBUG [2dc8be32] 	
 DEBUG [2dc8be32] 	  - Installing phpdocumentor/type-resolver (1.1.0): 
 DEBUG [2dc8be32] 	Loading from cache
 DEBUG [2dc8be32] 	
 DEBUG [2dc8be32] 	  - Installing psr/container (1.0.0): 
 DEBUG [2dc8be32] 	Loading from cache
 DEBUG [2dc8be32] 	
 DEBUG [2dc8be32] 	  - Installing symfony/polyfill-php73 (v1.14.0): 
 DEBUG [2dc8be32] 	Loading from cache
 DEBUG [2dc8be32] 	
 DEBUG [2dc8be32] 	  - Installing symfony/polyfill-mbstring (v1.14.0): 
 DEBUG [2dc8be32] 	Loading from cache
 DEBUG [2dc8be32] 	
 DEBUG [2dc8be32] 	  - Installing symfony/polyfill-php72 (v1.14.0): 
 DEBUG [2dc8be32] 	Loading from cache
 DEBUG [2dc8be32] 	
 DEBUG [2dc8be32] 	  - Installing symfony/polyfill-intl-idn (v1.14.0): 
 DEBUG [2dc8be32] 	Loading from cache
 DEBUG [2dc8be32] 	
 DEBUG [2dc8be32] 	  - Installing symfony/mime (v4.4.5): Loading from cache
 DEBUG [2dc8be32] 	  - Installing symfony/http-foundation (v4.4.5): 
 DEBUG [2dc8be32] 	Loading from cache
 DEBUG [2dc8be32] 	
 DEBUG [2dc8be32] 	  - Installing symfony/event-dispatcher-contracts (v1.1.7): 
 DEBUG [2dc8be32] 	Loading from cache
 DEBUG [2dc8be32] 	
 DEBUG [2dc8be32] 	  - Installing symfony/event-dispatcher (v4.4.5): 
 DEBUG [2dc8be32] 	Loading from cache
 DEBUG [2dc8be32] 	
 DEBUG [2dc8be32] 	  - Installing symfony/var-dumper (v4.4.5): 
 DEBUG [2dc8be32] 	Loading from cache
 DEBUG [2dc8be32] 	
 DEBUG [2dc8be32] 	  - Installing psr/log (1.1.2): 
 DEBUG [2dc8be32] 	Loading from cache
 DEBUG [2dc8be32] 	
 DEBUG [2dc8be32] 	  - Installing symfony/debug (v4.4.5): Loading from cache
 DEBUG [2dc8be32] 	  - Installing symfony/error-handler (v4.4.5): 
 DEBUG [2dc8be32] 	Loading from cache
 DEBUG [2dc8be32] 	  - Installing symfony/http-kernel (v4.4.5): 
 DEBUG [2dc8be32] 	Loading from cache
 DEBUG [2dc8be32] 	
 DEBUG [2dc8be32] 	  - Installing symfony/routing (v4.4.5): Loading from cache
 DEBUG [2dc8be32] 	  - Installing symfony/finder (v4.4.5): Loading from cache
 DEBUG [2dc8be32] 	  - Installing symfony/filesystem (v4.4.5): 
 DEBUG [2dc8be32] 	Loading from cache
 DEBUG [2dc8be32] 	
 DEBUG [2dc8be32] 	  - Installing symfony/service-contracts (v2.0.1): 
 DEBUG [2dc8be32] 	Loading from cache
 DEBUG [2dc8be32] 	
 DEBUG [2dc8be32] 	  - Installing symfony/dependency-injection (v4.4.5): 
 DEBUG [2dc8be32] 	Loading from cache
 DEBUG [2dc8be32] 	
 DEBUG [2dc8be32] 	  - Installing symfony/config (v4.4.5): Loading from cache
 DEBUG [2dc8be32] 	  - Installing symfony/var-exporter (v4.4.5): Loading from cache
 DEBUG [2dc8be32] 	  - Installing psr/cache (1.0.1): 
 DEBUG [2dc8be32] 	Loading from cache
 DEBUG [2dc8be32] 	
 DEBUG [2dc8be32] 	  - Installing symfony/cache-contracts (v2.0.1): Loading from cache
 DEBUG [2dc8be32] 	  - Installing symfony/cache (v4.4.5): 
 DEBUG [2dc8be32] 	Loading from cache
 DEBUG [2dc8be32] 	
 DEBUG [2dc8be32] 	  - Installing symfony/framework-bundle (v4.4.5): 
 DEBUG [2dc8be32] 	Loading from cache
 DEBUG [2dc8be32] 	  - Installing doctrine/annotations (v1.8.0): Loading from cache
 DEBUG [2dc8be32] 	  - Installing sensio/framework-extra-bundle (v5.5.3): 
 DEBUG [2dc8be32] 	Loading from cache
 DEBUG [2dc8be32] 	  - Installing symfony/console (v4.4.5): Loading from cache
 DEBUG [2dc8be32] 	  - Installing symfony/dotenv (v4.4.5): Loading from cache
 DEBUG [2dc8be32] 	  - Installing symfony/expression-language (v4.4.5): Loading from cache
 DEBUG [2dc8be32] 	  - Installing symfony/inflector (v4.4.5): Loading from cache
 DEBUG [2dc8be32] 	  - Installing symfony/property-access (v4.4.5): Loading from cache
 DEBUG [2dc8be32] 	  - Installing symfony/options-resolver (v4.4.5): Loading from cache
 DEBUG [2dc8be32] 	  - Installing symfony/intl (v4.4.5): 
 DEBUG [2dc8be32] 	Loading from cache
 DEBUG [2dc8be32] 	  - Installing symfony/polyfill-intl-icu (v1.14.0): 
 DEBUG [2dc8be32] 	Loading from cache
 DEBUG [2dc8be32] 	
 DEBUG [2dc8be32] 	  - Installing symfony/form (v4.4.5): 
 DEBUG [2dc8be32] 	Loading from cache
 DEBUG [2dc8be32] 	
 DEBUG [2dc8be32] 	  - Installing symfony/http-client-contracts (v2.0.1): Loading from cache
 DEBUG [2dc8be32] 	  - Installing symfony/http-client (v4.4.5): Loading from cache
 DEBUG [2dc8be32] 	  - Installing egulias/email-validator (2.1.17): 
 DEBUG [2dc8be32] 	Loading from cache
 DEBUG [2dc8be32] 	  - Installing symfony/mailer (v4.4.5): Loading from cache
 DEBUG [2dc8be32] 	  - Installing monolog/monolog (1.25.3): 
 DEBUG [2dc8be32] 	Loading from cache
 DEBUG [2dc8be32] 	  - Installing symfony/monolog-bridge (v4.4.5): Loading from cache
 DEBUG [2dc8be32] 	  - Installing symfony/monolog-bundle (v3.5.0): 
 DEBUG [2dc8be32] 	Loading from cache
 DEBUG [2dc8be32] 	  - Installing symfony/process (v4.4.5): Loading from cache
 DEBUG [2dc8be32] 	  - Installing symfony/security-core (v4.4.5): Loading from cache
 DEBUG [2dc8be32] 	  - Installing symfony/security-http (v4.4.5): 
 DEBUG [2dc8be32] 	Loading from cache
 DEBUG [2dc8be32] 	  - Installing symfony/security-guard (v4.4.5): Loading from cache
 DEBUG [2dc8be32] 	  - Installing symfony/security-csrf (v4.4.5): 
 DEBUG [2dc8be32] 	Loading from cache
 DEBUG [2dc8be32] 	
 DEBUG [2dc8be32] 	  - Installing symfony/security-bundle (v4.4.5): 
 DEBUG [2dc8be32] 	Loading from cache
 DEBUG [2dc8be32] 	
 DEBUG [2dc8be32] 	  - Installing symfony/serializer (v4.4.5): 
 DEBUG [2dc8be32] 	Loading from cache
 DEBUG [2dc8be32] 	
 DEBUG [2dc8be32] 	  - Installing symfony/property-info (v4.4.5): 
 DEBUG [2dc8be32] 	Loading from cache
 DEBUG [2dc8be32] 	  - Installing webmozart/assert (1.7.0): 
 DEBUG [2dc8be32] 	Loading from cache
 DEBUG [2dc8be32] 	  - Installing phpdocumentor/reflection-docblock (4.3.4): 
 DEBUG [2dc8be32] 	Loading from cache
 DEBUG [2dc8be32] 	  - Installing symfony/serializer-pack (v1.0.2): 
 DEBUG [2dc8be32] 	Loading from cache
 DEBUG [2dc8be32] 	
 DEBUG [2dc8be32] 	  - Installing symfony/translation-contracts (v2.0.1): 
 DEBUG [2dc8be32] 	Loading from cache
 DEBUG [2dc8be32] 	
 DEBUG [2dc8be32] 	  - Installing symfony/translation (v4.4.5): 
 DEBUG [2dc8be32] 	Loading from cache
 DEBUG [2dc8be32] 	
 DEBUG [2dc8be32] 	  - Installing twig/twig (v3.0.3): 
 DEBUG [2dc8be32] 	Loading from cache
 DEBUG [2dc8be32] 	  - Installing symfony/twig-bridge (v4.4.5): 
 DEBUG [2dc8be32] 	Loading from cache
 DEBUG [2dc8be32] 	
 DEBUG [2dc8be32] 	  - Installing symfony/twig-bundle (v4.4.5): 
 DEBUG [2dc8be32] 	Loading from cache
 DEBUG [2dc8be32] 	
 DEBUG [2dc8be32] 	  - Installing twig/extra-bundle (v3.0.3): 
 DEBUG [2dc8be32] 	Loading from cache
 DEBUG [2dc8be32] 	  - Installing symfony/twig-pack (v1.0.0): Loading from cache
 DEBUG [2dc8be32] 	  - Installing symfony/validator (v4.4.5): 
 DEBUG [2dc8be32] 	Loading from cache
 DEBUG [2dc8be32] 	  - Installing psr/link (1.0.0): Loading from cache
 DEBUG [2dc8be32] 	  - Installing symfony/web-link (v4.4.5): Loading from cache
 DEBUG [2dc8be32] 	  - Installing symfony/asset (v4.4.5): Loading from cache
 DEBUG [2dc8be32] 	  - Installing symfony/webpack-encore-bundle (v1.7.3): 
 DEBUG [2dc8be32] 	Loading from cache
 DEBUG [2dc8be32] 	  - Installing symfony/yaml (v4.4.5): Loading from cache
 DEBUG [2dc8be32] 	Generating optimized autoload files
 DEBUG [2dc8be32] 	Executing script cache:clear
 DEBUG [2dc8be32] 	 [OK]
 DEBUG [2dc8be32] 	Executing script assets:install public
 DEBUG [2dc8be32] 	
 DEBUG [2dc8be32] 	 [OK]
  INFO [2dc8be32] Finished in 4.678 seconds with exit status 0 (successful).
  INFO [5280ee67] Running /usr/bin/env ln -s /var/www/vhosts/plccnczone.com/new.plccnczone.com/releases/20200303085845 /var/www/vhosts/plccnczone.com/new.plccnczone.com/releases/current as yannick@92.39.246.126
 DEBUG [5280ee67] Command: /usr/bin/env ln -s /var/www/vhosts/plccnczone.com/new.plccnczone.com/releases/20200303085845 /var/www/vhosts/plccnczone.com/new.plccnczone.com/releases/current
  INFO [5280ee67] Finished in 0.242 seconds with exit status 0 (successful).
  INFO [952b43c5] Running /usr/bin/env mv /var/www/vhosts/plccnczone.com/new.plccnczone.com/releases/current /var/www/vhosts/plccnczone.com/new.plccnczone.com as yannick@92.39.246.126
 DEBUG [952b43c5] Command: /usr/bin/env mv /var/www/vhosts/plccnczone.com/new.plccnczone.com/releases/current /var/www/vhosts/plccnczone.com/new.plccnczone.com
  INFO [952b43c5] Finished in 0.240 seconds with exit status 0 (successful).
 DEBUG [52455eab] Running /usr/bin/env ls -x /var/www/vhosts/plccnczone.com/new.plccnczone.com/releases as yannick@92.39.246.126
 DEBUG [52455eab] Command: /usr/bin/env ls -x /var/www/vhosts/plccnczone.com/new.plccnczone.com/releases
 DEBUG [52455eab] 	20200303000328	20200303000731	20200303001337	20200303085637	20200303085845
 DEBUG [52455eab] Finished in 0.241 seconds with exit status 0 (successful).
  INFO Keeping 4 of 5 deployed releases on 92.39.246.126
 DEBUG [ec91cab7] Running [ -d /var/www/vhosts/plccnczone.com/new.plccnczone.com/current ] as yannick@92.39.246.126
 DEBUG [ec91cab7] Command: [ -d /var/www/vhosts/plccnczone.com/new.plccnczone.com/current ]
 DEBUG [ec91cab7] Finished in 0.237 seconds with exit status 0 (successful).
 DEBUG [d4b43940] Running /usr/bin/env readlink /var/www/vhosts/plccnczone.com/new.plccnczone.com/current as yannick@92.39.246.126
 DEBUG [d4b43940] Command: /usr/bin/env readlink /var/www/vhosts/plccnczone.com/new.plccnczone.com/current
 DEBUG [d4b43940] 	/var/www/vhosts/plccnczone.com/new.plccnczone.com/releases/20200303085845
 DEBUG [d4b43940] Finished in 0.245 seconds with exit status 0 (successful).
  INFO [b54754cf] Running /usr/bin/env rm -rf /var/www/vhosts/plccnczone.com/new.plccnczone.com/releases/20200303000328 as yannick@92.39.246.126
 DEBUG [b54754cf] Command: /usr/bin/env rm -rf /var/www/vhosts/plccnczone.com/new.plccnczone.com/releases/20200303000328
  INFO [b54754cf] Finished in 1.153 seconds with exit status 0 (successful).
 DEBUG [2e00b5e3] Running if test ! -d /var/www/vhosts/plccnczone.com/new.plccnczone.com/releases; then echo "Directory does not exist '/var/www/vhosts/plccnczone.com/new.plccnczone.com/releases'" 1>&2; false; fi as yannick@92.39.246.126
 DEBUG [2e00b5e3] Command: if test ! -d /var/www/vhosts/plccnczone.com/new.plccnczone.com/releases; then echo "Directory does not exist '/var/www/vhosts/plccnczone.com/new.plccnczone.com/releases'" 1>&2; false; fi
 DEBUG [2e00b5e3] Finished in 0.236 seconds with exit status 0 (successful).
  INFO [914743e6] Running /usr/bin/env echo "Branch master (at d993ba68fc258044151e57e37067800bef432044) deployed as release 20200303085845 by Maranatha" >> /var/www/vhosts/plccnczone.com/new.plccnczone.com/revisions.log as yannick@92.39.246.126
 DEBUG [914743e6] Command: cd /var/www/vhosts/plccnczone.com/new.plccnczone.com/releases && /usr/bin/env echo "Branch master (at d993ba68fc258044151e57e37067800bef432044) deployed as release 20200303085845 by Maranatha" >> /var/www/vhosts/plccnczone.com/new.plccnczone.com/revisions.log
  INFO [914743e6] Finished in 0.237 seconds with exit status 0 (successful).
  INFO ---------------------------------------------------------------------------
  INFO START 2020-03-03 10:00:19 +0100 cap production deploy
  INFO ---------------------------------------------------------------------------
  INFO [e58378b6] Running /usr/bin/env mkdir -p /tmp as yannick@92.39.246.126
 DEBUG [e58378b6] Command: /usr/bin/env mkdir -p /tmp
  INFO [e58378b6] Finished in 1.251 seconds with exit status 0 (successful).
 DEBUG Uploading /tmp/git-ssh-plccnzone-production-Maranatha.sh 0.0%
  INFO Uploading /tmp/git-ssh-plccnzone-production-Maranatha.sh 100.0%
  INFO [76d5e7a7] Running /usr/bin/env chmod 700 /tmp/git-ssh-plccnzone-production-Maranatha.sh as yannick@92.39.246.126
 DEBUG [76d5e7a7] Command: /usr/bin/env chmod 700 /tmp/git-ssh-plccnzone-production-Maranatha.sh
  INFO [76d5e7a7] Finished in 0.238 seconds with exit status 0 (successful).
  INFO [342345f1] Running /usr/bin/env git ls-remote https://github.com/yanndeo/plccnzone.git HEAD as yannick@92.39.246.126
 DEBUG [342345f1] Command: ( export GIT_ASKPASS="/bin/echo" GIT_SSH="/tmp/git-ssh-plccnzone-production-Maranatha.sh" ; /usr/bin/env git ls-remote https://github.com/yanndeo/plccnzone.git HEAD )
 DEBUG [342345f1] 	d993ba68fc258044151e57e37067800bef432044	HEAD
  INFO [342345f1] Finished in 0.752 seconds with exit status 0 (successful).
  INFO [ef6fe6ce] Running /usr/bin/env mkdir -p /var/www/vhosts/plccnczone.com/new.plccnczone.com/shared /var/www/vhosts/plccnczone.com/new.plccnczone.com/releases as yannick@92.39.246.126
 DEBUG [ef6fe6ce] Command: /usr/bin/env mkdir -p /var/www/vhosts/plccnczone.com/new.plccnczone.com/shared /var/www/vhosts/plccnczone.com/new.plccnczone.com/releases
  INFO [ef6fe6ce] Finished in 0.138 seconds with exit status 0 (successful).
  INFO [e59e473e] Running /usr/bin/env mkdir -p /var/www/vhosts/plccnczone.com/new.plccnczone.com/shared/public/uploads as yannick@92.39.246.126
 DEBUG [e59e473e] Command: /usr/bin/env mkdir -p /var/www/vhosts/plccnczone.com/new.plccnczone.com/shared/public/uploads
  INFO [e59e473e] Finished in 0.244 seconds with exit status 0 (successful).
  INFO [fae06f8e] Running /usr/bin/env mkdir -p /var/www/vhosts/plccnczone.com/new.plccnczone.com/shared as yannick@92.39.246.126
 DEBUG [fae06f8e] Command: /usr/bin/env mkdir -p /var/www/vhosts/plccnczone.com/new.plccnczone.com/shared
  INFO [fae06f8e] Finished in 0.238 seconds with exit status 0 (successful).
 DEBUG [27386073] Running [ -f /var/www/vhosts/plccnczone.com/new.plccnczone.com/shared/.env ] as yannick@92.39.246.126
 DEBUG [27386073] Command: [ -f /var/www/vhosts/plccnczone.com/new.plccnczone.com/shared/.env ]
 DEBUG [27386073] Finished in 0.239 seconds with exit status 0 (successful).
 DEBUG [7432fc66] Running [ -f /var/www/vhosts/plccnczone.com/new.plccnczone.com/current/REVISION ] as yannick@92.39.246.126
 DEBUG [7432fc66] Command: [ -f /var/www/vhosts/plccnczone.com/new.plccnczone.com/current/REVISION ]
 DEBUG [7432fc66] Finished in 0.236 seconds with exit status 0 (successful).
 DEBUG [5713d000] Running /usr/bin/env cat /var/www/vhosts/plccnczone.com/new.plccnczone.com/current/REVISION 2>/dev/null as yannick@92.39.246.126
 DEBUG [5713d000] Command: /usr/bin/env cat /var/www/vhosts/plccnczone.com/new.plccnczone.com/current/REVISION 2>/dev/null
 DEBUG [5713d000] 	d993ba68fc258044151e57e37067800bef432044
 DEBUG [5713d000] Finished in 0.278 seconds with exit status 0 (successful).
 DEBUG [b718b581] Running [ -f /var/www/vhosts/plccnczone.com/new.plccnczone.com/repo/HEAD ] as yannick@92.39.246.126
 DEBUG [b718b581] Command: [ -f /var/www/vhosts/plccnczone.com/new.plccnczone.com/repo/HEAD ]
 DEBUG [b718b581] Finished in 0.238 seconds with exit status 0 (successful).
  INFO The repository mirror is at /var/www/vhosts/plccnczone.com/new.plccnczone.com/repo
 DEBUG [7a9e9648] Running if test ! -d /var/www/vhosts/plccnczone.com/new.plccnczone.com/repo; then echo "Directory does not exist '/var/www/vhosts/plccnczone.com/new.plccnczone.com/repo'" 1>&2; false; fi as yannick@92.39.246.126
 DEBUG [7a9e9648] Command: if test ! -d /var/www/vhosts/plccnczone.com/new.plccnczone.com/repo; then echo "Directory does not exist '/var/www/vhosts/plccnczone.com/new.plccnczone.com/repo'" 1>&2; false; fi
 DEBUG [7a9e9648] Finished in 0.138 seconds with exit status 0 (successful).
  INFO [e5ff5309] Running /usr/bin/env git remote set-url origin https://github.com/yanndeo/plccnzone.git as yannick@92.39.246.126
 DEBUG [e5ff5309] Command: cd /var/www/vhosts/plccnczone.com/new.plccnczone.com/repo && ( export GIT_ASKPASS="/bin/echo" GIT_SSH="/tmp/git-ssh-plccnzone-production-Maranatha.sh" ; /usr/bin/env git remote set-url origin https://github.com/yanndeo/plccnzone.git )
  INFO [e5ff5309] Finished in 0.247 seconds with exit status 0 (successful).
  INFO [fcde887f] Running /usr/bin/env git remote update --prune as yannick@92.39.246.126
 DEBUG [fcde887f] Command: cd /var/www/vhosts/plccnczone.com/new.plccnczone.com/repo && ( export GIT_ASKPASS="/bin/echo" GIT_SSH="/tmp/git-ssh-plccnzone-production-Maranatha.sh" ; /usr/bin/env git remote update --prune )
 DEBUG [fcde887f] 	Fetching origin
  INFO [fcde887f] Finished in 0.894 seconds with exit status 0 (successful).
 DEBUG [1b80e7c5] Running if test ! -d /var/www/vhosts/plccnczone.com/new.plccnczone.com/repo; then echo "Directory does not exist '/var/www/vhosts/plccnczone.com/new.plccnczone.com/repo'" 1>&2; false; fi as yannick@92.39.246.126
 DEBUG [1b80e7c5] Command: if test ! -d /var/www/vhosts/plccnczone.com/new.plccnczone.com/repo; then echo "Directory does not exist '/var/www/vhosts/plccnczone.com/new.plccnczone.com/repo'" 1>&2; false; fi
 DEBUG [1b80e7c5] Finished in 0.142 seconds with exit status 0 (successful).
  INFO [f7a44047] Running /usr/bin/env mkdir -p /var/www/vhosts/plccnczone.com/new.plccnczone.com/releases/20200303090029 as yannick@92.39.246.126
 DEBUG [f7a44047] Command: cd /var/www/vhosts/plccnczone.com/new.plccnczone.com/repo && ( export GIT_ASKPASS="/bin/echo" GIT_SSH="/tmp/git-ssh-plccnzone-production-Maranatha.sh" ; /usr/bin/env mkdir -p /var/www/vhosts/plccnczone.com/new.plccnczone.com/releases/20200303090029 )
  INFO [f7a44047] Finished in 0.241 seconds with exit status 0 (successful).
  INFO [c0f47e88] Running /usr/bin/env git archive master | /usr/bin/env tar -x -f - -C /var/www/vhosts/plccnczone.com/new.plccnczone.com/releases/20200303090029 as yannick@92.39.246.126
 DEBUG [c0f47e88] Command: cd /var/www/vhosts/plccnczone.com/new.plccnczone.com/repo && ( export GIT_ASKPASS="/bin/echo" GIT_SSH="/tmp/git-ssh-plccnzone-production-Maranatha.sh" ; /usr/bin/env git archive master | /usr/bin/env tar -x -f - -C /var/www/vhosts/plccnczone.com/new.plccnczone.com/releases/20200303090029 )
  INFO [c0f47e88] Finished in 0.248 seconds with exit status 0 (successful).
 DEBUG [32a4dd59] Running if test ! -d /var/www/vhosts/plccnczone.com/new.plccnczone.com/repo; then echo "Directory does not exist '/var/www/vhosts/plccnczone.com/new.plccnczone.com/repo'" 1>&2; false; fi as yannick@92.39.246.126
 DEBUG [32a4dd59] Command: if test ! -d /var/www/vhosts/plccnczone.com/new.plccnczone.com/repo; then echo "Directory does not exist '/var/www/vhosts/plccnczone.com/new.plccnczone.com/repo'" 1>&2; false; fi
 DEBUG [32a4dd59] Finished in 0.137 seconds with exit status 0 (successful).
 DEBUG [26a56f00] Running /usr/bin/env git rev-list --max-count=1 master as yannick@92.39.246.126
 DEBUG [26a56f00] Command: cd /var/www/vhosts/plccnczone.com/new.plccnczone.com/repo && ( export GIT_ASKPASS="/bin/echo" GIT_SSH="/tmp/git-ssh-plccnzone-production-Maranatha.sh" ; /usr/bin/env git rev-list --max-count=1 master )
 DEBUG [26a56f00] 	d993ba68fc258044151e57e37067800bef432044
 DEBUG [26a56f00] Finished in 0.241 seconds with exit status 0 (successful).
 DEBUG [6a847783] Running if test ! -d /var/www/vhosts/plccnczone.com/new.plccnczone.com/releases/20200303090029; then echo "Directory does not exist '/var/www/vhosts/plccnczone.com/new.plccnczone.com/releases/20200303090029'" 1>&2; false; fi as yannick@92.39.246.126
 DEBUG [6a847783] Command: if test ! -d /var/www/vhosts/plccnczone.com/new.plccnczone.com/releases/20200303090029; then echo "Directory does not exist '/var/www/vhosts/plccnczone.com/new.plccnczone.com/releases/20200303090029'" 1>&2; false; fi
 DEBUG [6a847783] Finished in 0.134 seconds with exit status 0 (successful).
  INFO [94bf7832] Running /usr/bin/env echo "d993ba68fc258044151e57e37067800bef432044" > REVISION as yannick@92.39.246.126
 DEBUG [94bf7832] Command: cd /var/www/vhosts/plccnczone.com/new.plccnczone.com/releases/20200303090029 && /usr/bin/env echo "d993ba68fc258044151e57e37067800bef432044" > REVISION
  INFO [94bf7832] Finished in 0.239 seconds with exit status 0 (successful).
  INFO [c9682d89] Running /usr/bin/env mkdir -p /var/www/vhosts/plccnczone.com/new.plccnczone.com/releases/20200303090029 as yannick@92.39.246.126
 DEBUG [c9682d89] Command: /usr/bin/env mkdir -p /var/www/vhosts/plccnczone.com/new.plccnczone.com/releases/20200303090029
  INFO [c9682d89] Finished in 0.236 seconds with exit status 0 (successful).
 DEBUG [992a74df] Running [ -L /var/www/vhosts/plccnczone.com/new.plccnczone.com/releases/20200303090029/.env ] as yannick@92.39.246.126
 DEBUG [992a74df] Command: [ -L /var/www/vhosts/plccnczone.com/new.plccnczone.com/releases/20200303090029/.env ]
 DEBUG [992a74df] Finished in 0.237 seconds with exit status 1 (failed).
 DEBUG [90bfddbd] Running [ -f /var/www/vhosts/plccnczone.com/new.plccnczone.com/releases/20200303090029/.env ] as yannick@92.39.246.126
 DEBUG [90bfddbd] Command: [ -f /var/www/vhosts/plccnczone.com/new.plccnczone.com/releases/20200303090029/.env ]
 DEBUG [90bfddbd] Finished in 0.236 seconds with exit status 0 (successful).
  INFO [5d8ca55a] Running /usr/bin/env rm /var/www/vhosts/plccnczone.com/new.plccnczone.com/releases/20200303090029/.env as yannick@92.39.246.126
 DEBUG [5d8ca55a] Command: /usr/bin/env rm /var/www/vhosts/plccnczone.com/new.plccnczone.com/releases/20200303090029/.env
  INFO [5d8ca55a] Finished in 0.238 seconds with exit status 0 (successful).
  INFO [97b8970c] Running /usr/bin/env ln -s /var/www/vhosts/plccnczone.com/new.plccnczone.com/shared/.env /var/www/vhosts/plccnczone.com/new.plccnczone.com/releases/20200303090029/.env as yannick@92.39.246.126
 DEBUG [97b8970c] Command: /usr/bin/env ln -s /var/www/vhosts/plccnczone.com/new.plccnczone.com/shared/.env /var/www/vhosts/plccnczone.com/new.plccnczone.com/releases/20200303090029/.env
  INFO [97b8970c] Finished in 0.238 seconds with exit status 0 (successful).
  INFO [43887ac8] Running /usr/bin/env mkdir -p /var/www/vhosts/plccnczone.com/new.plccnczone.com/releases/20200303090029/public as yannick@92.39.246.126
 DEBUG [43887ac8] Command: /usr/bin/env mkdir -p /var/www/vhosts/plccnczone.com/new.plccnczone.com/releases/20200303090029/public
  INFO [43887ac8] Finished in 0.238 seconds with exit status 0 (successful).
 DEBUG [0196ddc2] Running [ -L /var/www/vhosts/plccnczone.com/new.plccnczone.com/releases/20200303090029/public/uploads ] as yannick@92.39.246.126
 DEBUG [0196ddc2] Command: [ -L /var/www/vhosts/plccnczone.com/new.plccnczone.com/releases/20200303090029/public/uploads ]
 DEBUG [0196ddc2] Finished in 0.236 seconds with exit status 1 (failed).
 DEBUG [be9bbac8] Running [ -d /var/www/vhosts/plccnczone.com/new.plccnczone.com/releases/20200303090029/public/uploads ] as yannick@92.39.246.126
 DEBUG [be9bbac8] Command: [ -d /var/www/vhosts/plccnczone.com/new.plccnczone.com/releases/20200303090029/public/uploads ]
 DEBUG [be9bbac8] Finished in 0.252 seconds with exit status 1 (failed).
  INFO [3962c499] Running /usr/bin/env ln -s /var/www/vhosts/plccnczone.com/new.plccnczone.com/shared/public/uploads /var/www/vhosts/plccnczone.com/new.plccnczone.com/releases/20200303090029/public/uploads as yannick@92.39.246.126
 DEBUG [3962c499] Command: /usr/bin/env ln -s /var/www/vhosts/plccnczone.com/new.plccnczone.com/shared/public/uploads /var/www/vhosts/plccnczone.com/new.plccnczone.com/releases/20200303090029/public/uploads
  INFO [3962c499] Finished in 0.237 seconds with exit status 0 (successful).
 DEBUG [9f42005d] Running if test ! -d /var/www/vhosts/plccnczone.com/new.plccnczone.com/releases/20200303090029; then echo "Directory does not exist '/var/www/vhosts/plccnczone.com/new.plccnczone.com/releases/20200303090029'" 1>&2; false; fi as yannick@92.39.246.126
 DEBUG [9f42005d] Command: if test ! -d /var/www/vhosts/plccnczone.com/new.plccnczone.com/releases/20200303090029; then echo "Directory does not exist '/var/www/vhosts/plccnczone.com/new.plccnczone.com/releases/20200303090029'" 1>&2; false; fi
 DEBUG [9f42005d] Finished in 0.236 seconds with exit status 0 (successful).
  INFO [e08e9dad] Running /usr/bin/env /opt/plesk/php/7.2/bin/php /usr/local/bin/composer install --no-dev --optimize-autoloader as yannick@92.39.246.126
 DEBUG [e08e9dad] Command: cd /var/www/vhosts/plccnczone.com/new.plccnczone.com/releases/20200303090029 && /usr/bin/env /opt/plesk/php/7.2/bin/php /usr/local/bin/composer install --no-dev --optimize-autoloader
 DEBUG [e08e9dad] 	Loading composer repositories with package information
 DEBUG [e08e9dad] 	Installing dependencies from lock file
 DEBUG [e08e9dad] 	Package operations: 71 installs, 0 updates, 0 removals
 DEBUG [e08e9dad] 	  - Installing symfony/flex (v1.6.2): 
 DEBUG [e08e9dad] 	Loading from cache
 DEBUG [e08e9dad] 	
 DEBUG [e08e9dad] 	  - Installing doctrine/lexer (1.2.0): 
 DEBUG [e08e9dad] 	Loading from cache
 DEBUG [e08e9dad] 	
 DEBUG [e08e9dad] 	  - Installing phpdocumentor/reflection-common (2.0.0): 
 DEBUG [e08e9dad] 	Loading from cache
 DEBUG [e08e9dad] 	
 DEBUG [e08e9dad] 	  - Installing phpdocumentor/type-resolver (1.1.0): 
 DEBUG [e08e9dad] 	Loading from cache
 DEBUG [e08e9dad] 	
 DEBUG [e08e9dad] 	  - Installing psr/container (1.0.0): Loading from cache
 DEBUG [e08e9dad] 	  - Installing symfony/polyfill-php73 (v1.14.0): 
 DEBUG [e08e9dad] 	Loading from cache
 DEBUG [e08e9dad] 	
 DEBUG [e08e9dad] 	  - Installing symfony/polyfill-mbstring (v1.14.0): 
 DEBUG [e08e9dad] 	Loading from cache
 DEBUG [e08e9dad] 	
 DEBUG [e08e9dad] 	  - Installing symfony/polyfill-php72 (v1.14.0): 
 DEBUG [e08e9dad] 	Loading from cache
 DEBUG [e08e9dad] 	
 DEBUG [e08e9dad] 	  - Installing symfony/polyfill-intl-idn (v1.14.0): 
 DEBUG [e08e9dad] 	Loading from cache
 DEBUG [e08e9dad] 	
 DEBUG [e08e9dad] 	  - Installing symfony/mime (v4.4.5): 
 DEBUG [e08e9dad] 	Loading from cache
 DEBUG [e08e9dad] 	
 DEBUG [e08e9dad] 	  - Installing symfony/http-foundation (v4.4.5): 
 DEBUG [e08e9dad] 	Loading from cache
 DEBUG [e08e9dad] 	  - Installing symfony/event-dispatcher-contracts (v1.1.7): Loading from cache
 DEBUG [e08e9dad] 	  - Installing symfony/event-dispatcher (v4.4.5): 
 DEBUG [e08e9dad] 	Loading from cache
 DEBUG [e08e9dad] 	  - Installing symfony/var-dumper (v4.4.5): 
 DEBUG [e08e9dad] 	Loading from cache
 DEBUG [e08e9dad] 	  - Installing psr/log (1.1.2): 
 DEBUG [e08e9dad] 	Loading from cache
 DEBUG [e08e9dad] 	  - Installing symfony/debug (v4.4.5): Loading from cache
 DEBUG [e08e9dad] 	  - Installing symfony/error-handler (v4.4.5): 
 DEBUG [e08e9dad] 	Loading from cache
 DEBUG [e08e9dad] 	
 DEBUG [e08e9dad] 	  - Installing symfony/http-kernel (v4.4.5): Loading from cache
 DEBUG [e08e9dad] 	  - Installing symfony/routing (v4.4.5): 
 DEBUG [e08e9dad] 	Loading from cache
 DEBUG [e08e9dad] 	  - Installing symfony/finder (v4.4.5): 
 DEBUG [e08e9dad] 	Loading from cache
 DEBUG [e08e9dad] 	
 DEBUG [e08e9dad] 	  - Installing symfony/filesystem (v4.4.5): 
 DEBUG [e08e9dad] 	Loading from cache
 DEBUG [e08e9dad] 	
 DEBUG [e08e9dad] 	  - Installing symfony/service-contracts (v2.0.1): Loading from cache
 DEBUG [e08e9dad] 	  - Installing symfony/dependency-injection (v4.4.5): Loading from cache
 DEBUG [e08e9dad] 	  - Installing symfony/config (v4.4.5): Loading from cache
 DEBUG [e08e9dad] 	  - Installing symfony/var-exporter (v4.4.5): 
 DEBUG [e08e9dad] 	Loading from cache
 DEBUG [e08e9dad] 	  - Installing psr/cache (1.0.1): 
 DEBUG [e08e9dad] 	Loading from cache
 DEBUG [e08e9dad] 	
 DEBUG [e08e9dad] 	  - Installing symfony/cache-contracts (v2.0.1): 
 DEBUG [e08e9dad] 	Loading from cache
 DEBUG [e08e9dad] 	
 DEBUG [e08e9dad] 	  - Installing symfony/cache (v4.4.5): 
 DEBUG [e08e9dad] 	Loading from cache
 DEBUG [e08e9dad] 	
 DEBUG [e08e9dad] 	  - Installing symfony/framework-bundle (v4.4.5): 
 DEBUG [e08e9dad] 	Loading from cache
 DEBUG [e08e9dad] 	  - Installing doctrine/annotations (v1.8.0): 
 DEBUG [e08e9dad] 	Loading from cache
 DEBUG [e08e9dad] 	  - Installing sensio/framework-extra-bundle (v5.5.3): 
 DEBUG [e08e9dad] 	Loading from cache
 DEBUG [e08e9dad] 	  - Installing symfony/console (v4.4.5): Loading from cache
 DEBUG [e08e9dad] 	  - Installing symfony/dotenv (v4.4.5): Loading from cache
 DEBUG [e08e9dad] 	  - Installing symfony/expression-language (v4.4.5): Loading from cache
 DEBUG [e08e9dad] 	  - Installing symfony/inflector (v4.4.5): 
 DEBUG [e08e9dad] 	Loading from cache
 DEBUG [e08e9dad] 	  - Installing symfony/property-access (v4.4.5): 
 DEBUG [e08e9dad] 	Loading from cache
 DEBUG [e08e9dad] 	  - Installing symfony/options-resolver (v4.4.5): 
 DEBUG [e08e9dad] 	Loading from cache
 DEBUG [e08e9dad] 	
 DEBUG [e08e9dad] 	  - Installing symfony/intl (v4.4.5): 
 DEBUG [e08e9dad] 	Loading from cache
 DEBUG [e08e9dad] 	  - Installing symfony/polyfill-intl-icu (v1.14.0): Loading from cache
 DEBUG [e08e9dad] 	  - Installing symfony/form (v4.4.5): Loading from cache
 DEBUG [e08e9dad] 	  - Installing symfony/http-client-contracts (v2.0.1): Loading from cache
 DEBUG [e08e9dad] 	  - Installing symfony/http-client (v4.4.5): Loading from cache
 DEBUG [e08e9dad] 	  - Installing egulias/email-validator (2.1.17): 
 DEBUG [e08e9dad] 	Loading from cache
 DEBUG [e08e9dad] 	
 DEBUG [e08e9dad] 	  - Installing symfony/mailer (v4.4.5): 
 DEBUG [e08e9dad] 	Loading from cache
 DEBUG [e08e9dad] 	  - Installing monolog/monolog (1.25.3): 
 DEBUG [e08e9dad] 	Loading from cache
 DEBUG [e08e9dad] 	
 DEBUG [e08e9dad] 	  - Installing symfony/monolog-bridge (v4.4.5): Loading from cache
 DEBUG [e08e9dad] 	  - Installing symfony/monolog-bundle (v3.5.0): Loading from cache
 DEBUG [e08e9dad] 	  - Installing symfony/process (v4.4.5): Loading from cache
 DEBUG [e08e9dad] 	  - Installing symfony/security-core (v4.4.5): Loading from cache
 DEBUG [e08e9dad] 	  - Installing symfony/security-http (v4.4.5): 
 DEBUG [e08e9dad] 	Loading from cache
 DEBUG [e08e9dad] 	  - Installing symfony/security-guard (v4.4.5): Loading from cache
 DEBUG [e08e9dad] 	  - Installing symfony/security-csrf (v4.4.5): Loading from cache
 DEBUG [e08e9dad] 	  - Installing symfony/security-bundle (v4.4.5): 
 DEBUG [e08e9dad] 	Loading from cache
 DEBUG [e08e9dad] 	
 DEBUG [e08e9dad] 	  - Installing symfony/serializer (v4.4.5): 
 DEBUG [e08e9dad] 	Loading from cache
 DEBUG [e08e9dad] 	
 DEBUG [e08e9dad] 	  - Installing symfony/property-info (v4.4.5): 
 DEBUG [e08e9dad] 	Loading from cache
 DEBUG [e08e9dad] 	  - Installing webmozart/assert (1.7.0): 
 DEBUG [e08e9dad] 	Loading from cache
 DEBUG [e08e9dad] 	
 DEBUG [e08e9dad] 	  - Installing phpdocumentor/reflection-docblock (4.3.4): Loading from cache
 DEBUG [e08e9dad] 	  - Installing symfony/serializer-pack (v1.0.2): Loading from cache
 DEBUG [e08e9dad] 	  - Installing symfony/translation-contracts (v2.0.1): Loading from cache
 DEBUG [e08e9dad] 	  - Installing symfony/translation (v4.4.5): 
 DEBUG [e08e9dad] 	Loading from cache
 DEBUG [e08e9dad] 	
 DEBUG [e08e9dad] 	  - Installing twig/twig (v3.0.3): 
 DEBUG [e08e9dad] 	Loading from cache
 DEBUG [e08e9dad] 	  - Installing symfony/twig-bridge (v4.4.5): Loading from cache
 DEBUG [e08e9dad] 	  - Installing symfony/twig-bundle (v4.4.5): Loading from cache
 DEBUG [e08e9dad] 	  - Installing twig/extra-bundle (v3.0.3): 
 DEBUG [e08e9dad] 	Loading from cache
 DEBUG [e08e9dad] 	  - Installing symfony/twig-pack (v1.0.0): Loading from cache
 DEBUG [e08e9dad] 	
 DEBUG [e08e9dad] 	  - Installing symfony/validator (v4.4.5): Loading from cache
 DEBUG [e08e9dad] 	  - Installing psr/link (1.0.0): 
 DEBUG [e08e9dad] 	Loading from cache
 DEBUG [e08e9dad] 	  - Installing symfony/web-link (v4.4.5): 
 DEBUG [e08e9dad] 	Loading from cache
 DEBUG [e08e9dad] 	  - Installing symfony/asset (v4.4.5): Loading from cache
 DEBUG [e08e9dad] 	  - Installing symfony/webpack-encore-bundle (v1.7.3): Loading from cache
 DEBUG [e08e9dad] 	  - Installing symfony/yaml (v4.4.5): Loading from cache
 DEBUG [e08e9dad] 	Generating optimized autoload files
 DEBUG [e08e9dad] 	Executing script cache:clear
 DEBUG [e08e9dad] 	 [OK]
Executing script assets:install public
 DEBUG [e08e9dad] 	
 DEBUG [e08e9dad] 	 [OK]
  INFO [e08e9dad] Finished in 4.833 seconds with exit status 0 (successful).
  INFO [6e9ad66d] Running /usr/bin/env ln -s /var/www/vhosts/plccnczone.com/new.plccnczone.com/releases/20200303090029 /var/www/vhosts/plccnczone.com/new.plccnczone.com/releases/current as yannick@92.39.246.126
 DEBUG [6e9ad66d] Command: /usr/bin/env ln -s /var/www/vhosts/plccnczone.com/new.plccnczone.com/releases/20200303090029 /var/www/vhosts/plccnczone.com/new.plccnczone.com/releases/current
  INFO [6e9ad66d] Finished in 0.237 seconds with exit status 0 (successful).
  INFO [23507a1b] Running /usr/bin/env mv /var/www/vhosts/plccnczone.com/new.plccnczone.com/releases/current /var/www/vhosts/plccnczone.com/new.plccnczone.com as yannick@92.39.246.126
 DEBUG [23507a1b] Command: /usr/bin/env mv /var/www/vhosts/plccnczone.com/new.plccnczone.com/releases/current /var/www/vhosts/plccnczone.com/new.plccnczone.com
  INFO [23507a1b] Finished in 0.238 seconds with exit status 0 (successful).
 DEBUG [6f156c98] Running /usr/bin/env ls -x /var/www/vhosts/plccnczone.com/new.plccnczone.com/releases as yannick@92.39.246.126
 DEBUG [6f156c98] Command: /usr/bin/env ls -x /var/www/vhosts/plccnczone.com/new.plccnczone.com/releases
 DEBUG [6f156c98] 	20200303000731	20200303001337	20200303085637	20200303085845	20200303090029
 DEBUG [6f156c98] Finished in 0.238 seconds with exit status 0 (successful).
  INFO Keeping 3 of 5 deployed releases on 92.39.246.126
 DEBUG [3cce2c04] Running [ -d /var/www/vhosts/plccnczone.com/new.plccnczone.com/current ] as yannick@92.39.246.126
 DEBUG [3cce2c04] Command: [ -d /var/www/vhosts/plccnczone.com/new.plccnczone.com/current ]
 DEBUG [3cce2c04] Finished in 0.236 seconds with exit status 0 (successful).
 DEBUG [b6306dba] Running /usr/bin/env readlink /var/www/vhosts/plccnczone.com/new.plccnczone.com/current as yannick@92.39.246.126
 DEBUG [b6306dba] Command: /usr/bin/env readlink /var/www/vhosts/plccnczone.com/new.plccnczone.com/current
 DEBUG [b6306dba] 	/var/www/vhosts/plccnczone.com/new.plccnczone.com/releases/20200303090029
 DEBUG [b6306dba] Finished in 0.240 seconds with exit status 0 (successful).
  INFO [6e03b048] Running /usr/bin/env rm -rf /var/www/vhosts/plccnczone.com/new.plccnczone.com/releases/20200303000731 /var/www/vhosts/plccnczone.com/new.plccnczone.com/releases/20200303001337 as yannick@92.39.246.126
 DEBUG [6e03b048] Command: /usr/bin/env rm -rf /var/www/vhosts/plccnczone.com/new.plccnczone.com/releases/20200303000731 /var/www/vhosts/plccnczone.com/new.plccnczone.com/releases/20200303001337
  INFO [6e03b048] Finished in 1.038 seconds with exit status 0 (successful).
 DEBUG [03deb91a] Running if test ! -d /var/www/vhosts/plccnczone.com/new.plccnczone.com/releases; then echo "Directory does not exist '/var/www/vhosts/plccnczone.com/new.plccnczone.com/releases'" 1>&2; false; fi as yannick@92.39.246.126
 DEBUG [03deb91a] Command: if test ! -d /var/www/vhosts/plccnczone.com/new.plccnczone.com/releases; then echo "Directory does not exist '/var/www/vhosts/plccnczone.com/new.plccnczone.com/releases'" 1>&2; false; fi
 DEBUG [03deb91a] Finished in 0.237 seconds with exit status 0 (successful).
  INFO [5f7e488e] Running /usr/bin/env echo "Branch master (at d993ba68fc258044151e57e37067800bef432044) deployed as release 20200303090029 by Maranatha" >> /var/www/vhosts/plccnczone.com/new.plccnczone.com/revisions.log as yannick@92.39.246.126
 DEBUG [5f7e488e] Command: cd /var/www/vhosts/plccnczone.com/new.plccnczone.com/releases && /usr/bin/env echo "Branch master (at d993ba68fc258044151e57e37067800bef432044) deployed as release 20200303090029 by Maranatha" >> /var/www/vhosts/plccnczone.com/new.plccnczone.com/revisions.log
  INFO [5f7e488e] Finished in 0.238 seconds with exit status 0 (successful).
  INFO ---------------------------------------------------------------------------
  INFO START 2020-03-03 10:04:14 +0100 cap production deploy
  INFO ---------------------------------------------------------------------------
  INFO [f0699e8c] Running /usr/bin/env mkdir -p /tmp as yannick@92.39.246.126
 DEBUG [f0699e8c] Command: /usr/bin/env mkdir -p /tmp
  INFO [f0699e8c] Finished in 1.314 seconds with exit status 0 (successful).
 DEBUG Uploading /tmp/git-ssh-plccnzone-production-Maranatha.sh 0.0%
  INFO Uploading /tmp/git-ssh-plccnzone-production-Maranatha.sh 100.0%
  INFO [ef2e08ef] Running /usr/bin/env chmod 700 /tmp/git-ssh-plccnzone-production-Maranatha.sh as yannick@92.39.246.126
 DEBUG [ef2e08ef] Command: /usr/bin/env chmod 700 /tmp/git-ssh-plccnzone-production-Maranatha.sh
  INFO [ef2e08ef] Finished in 0.237 seconds with exit status 0 (successful).
  INFO [af72e44a] Running /usr/bin/env git ls-remote https://github.com/yanndeo/plccnzone.git HEAD as yannick@92.39.246.126
 DEBUG [af72e44a] Command: ( export GIT_ASKPASS="/bin/echo" GIT_SSH="/tmp/git-ssh-plccnzone-production-Maranatha.sh" ; /usr/bin/env git ls-remote https://github.com/yanndeo/plccnzone.git HEAD )
 DEBUG [af72e44a] 	d993ba68fc258044151e57e37067800bef432044	HEAD
  INFO [af72e44a] Finished in 0.857 seconds with exit status 0 (successful).
  INFO [d50e6271] Running /usr/bin/env mkdir -p /var/www/vhosts/plccnczone.com/new.plccnczone.com/shared /var/www/vhosts/plccnczone.com/new.plccnczone.com/releases as yannick@92.39.246.126
 DEBUG [d50e6271] Command: /usr/bin/env mkdir -p /var/www/vhosts/plccnczone.com/new.plccnczone.com/shared /var/www/vhosts/plccnczone.com/new.plccnczone.com/releases
  INFO [d50e6271] Finished in 0.137 seconds with exit status 0 (successful).
  INFO [2d0d938e] Running /usr/bin/env mkdir -p /var/www/vhosts/plccnczone.com/new.plccnczone.com/shared/public/uploads as yannick@92.39.246.126
 DEBUG [2d0d938e] Command: /usr/bin/env mkdir -p /var/www/vhosts/plccnczone.com/new.plccnczone.com/shared/public/uploads
  INFO [2d0d938e] Finished in 0.238 seconds with exit status 0 (successful).
  INFO [9a191863] Running /usr/bin/env mkdir -p /var/www/vhosts/plccnczone.com/new.plccnczone.com/shared as yannick@92.39.246.126
 DEBUG [9a191863] Command: /usr/bin/env mkdir -p /var/www/vhosts/plccnczone.com/new.plccnczone.com/shared
  INFO [9a191863] Finished in 0.237 seconds with exit status 0 (successful).
 DEBUG [4dc5ce47] Running [ -f /var/www/vhosts/plccnczone.com/new.plccnczone.com/shared/.env ] as yannick@92.39.246.126
 DEBUG [4dc5ce47] Command: [ -f /var/www/vhosts/plccnczone.com/new.plccnczone.com/shared/.env ]
 DEBUG [4dc5ce47] Finished in 0.237 seconds with exit status 0 (successful).
 DEBUG [55f7141d] Running [ -f /var/www/vhosts/plccnczone.com/new.plccnczone.com/current/REVISION ] as yannick@92.39.246.126
 DEBUG [55f7141d] Command: [ -f /var/www/vhosts/plccnczone.com/new.plccnczone.com/current/REVISION ]
 DEBUG [55f7141d] Finished in 0.259 seconds with exit status 0 (successful).
 DEBUG [0b7d39e8] Running /usr/bin/env cat /var/www/vhosts/plccnczone.com/new.plccnczone.com/current/REVISION 2>/dev/null as yannick@92.39.246.126
 DEBUG [0b7d39e8] Command: /usr/bin/env cat /var/www/vhosts/plccnczone.com/new.plccnczone.com/current/REVISION 2>/dev/null
 DEBUG [0b7d39e8] 	d993ba68fc258044151e57e37067800bef432044
 DEBUG [0b7d39e8] Finished in 0.239 seconds with exit status 0 (successful).
 DEBUG [b6630dbc] Running [ -f /var/www/vhosts/plccnczone.com/new.plccnczone.com/repo/HEAD ] as yannick@92.39.246.126
 DEBUG [b6630dbc] Command: [ -f /var/www/vhosts/plccnczone.com/new.plccnczone.com/repo/HEAD ]
 DEBUG [b6630dbc] Finished in 0.235 seconds with exit status 0 (successful).
  INFO The repository mirror is at /var/www/vhosts/plccnczone.com/new.plccnczone.com/repo
 DEBUG [c4e5d6c1] Running if test ! -d /var/www/vhosts/plccnczone.com/new.plccnczone.com/repo; then echo "Directory does not exist '/var/www/vhosts/plccnczone.com/new.plccnczone.com/repo'" 1>&2; false; fi as yannick@92.39.246.126
 DEBUG [c4e5d6c1] Command: if test ! -d /var/www/vhosts/plccnczone.com/new.plccnczone.com/repo; then echo "Directory does not exist '/var/www/vhosts/plccnczone.com/new.plccnczone.com/repo'" 1>&2; false; fi
 DEBUG [c4e5d6c1] Finished in 0.137 seconds with exit status 0 (successful).
  INFO [f3a53ff3] Running /usr/bin/env git remote set-url origin https://github.com/yanndeo/plccnzone.git as yannick@92.39.246.126
 DEBUG [f3a53ff3] Command: cd /var/www/vhosts/plccnczone.com/new.plccnczone.com/repo && ( export GIT_ASKPASS="/bin/echo" GIT_SSH="/tmp/git-ssh-plccnzone-production-Maranatha.sh" ; /usr/bin/env git remote set-url origin https://github.com/yanndeo/plccnzone.git )
  INFO [f3a53ff3] Finished in 0.242 seconds with exit status 0 (successful).
  INFO [aa91cf1c] Running /usr/bin/env git remote update --prune as yannick@92.39.246.126
 DEBUG [aa91cf1c] Command: cd /var/www/vhosts/plccnczone.com/new.plccnczone.com/repo && ( export GIT_ASKPASS="/bin/echo" GIT_SSH="/tmp/git-ssh-plccnzone-production-Maranatha.sh" ; /usr/bin/env git remote update --prune )
 DEBUG [aa91cf1c] 	Fetching origin
  INFO [aa91cf1c] Finished in 0.879 seconds with exit status 0 (successful).
 DEBUG [048293b3] Running if test ! -d /var/www/vhosts/plccnczone.com/new.plccnczone.com/repo; then echo "Directory does not exist '/var/www/vhosts/plccnczone.com/new.plccnczone.com/repo'" 1>&2; false; fi as yannick@92.39.246.126
 DEBUG [048293b3] Command: if test ! -d /var/www/vhosts/plccnczone.com/new.plccnczone.com/repo; then echo "Directory does not exist '/var/www/vhosts/plccnczone.com/new.plccnczone.com/repo'" 1>&2; false; fi
 DEBUG [048293b3] Finished in 0.134 seconds with exit status 0 (successful).
  INFO [19a3aed6] Running /usr/bin/env mkdir -p /var/www/vhosts/plccnczone.com/new.plccnczone.com/releases/20200303090424 as yannick@92.39.246.126
 DEBUG [19a3aed6] Command: cd /var/www/vhosts/plccnczone.com/new.plccnczone.com/repo && ( export GIT_ASKPASS="/bin/echo" GIT_SSH="/tmp/git-ssh-plccnzone-production-Maranatha.sh" ; /usr/bin/env mkdir -p /var/www/vhosts/plccnczone.com/new.plccnczone.com/releases/20200303090424 )
  INFO [19a3aed6] Finished in 0.238 seconds with exit status 0 (successful).
  INFO [32c578e4] Running /usr/bin/env git archive master | /usr/bin/env tar -x -f - -C /var/www/vhosts/plccnczone.com/new.plccnczone.com/releases/20200303090424 as yannick@92.39.246.126
 DEBUG [32c578e4] Command: cd /var/www/vhosts/plccnczone.com/new.plccnczone.com/repo && ( export GIT_ASKPASS="/bin/echo" GIT_SSH="/tmp/git-ssh-plccnzone-production-Maranatha.sh" ; /usr/bin/env git archive master | /usr/bin/env tar -x -f - -C /var/www/vhosts/plccnczone.com/new.plccnczone.com/releases/20200303090424 )
  INFO [32c578e4] Finished in 0.264 seconds with exit status 0 (successful).
 DEBUG [96abddd4] Running if test ! -d /var/www/vhosts/plccnczone.com/new.plccnczone.com/repo; then echo "Directory does not exist '/var/www/vhosts/plccnczone.com/new.plccnczone.com/repo'" 1>&2; false; fi as yannick@92.39.246.126
 DEBUG [96abddd4] Command: if test ! -d /var/www/vhosts/plccnczone.com/new.plccnczone.com/repo; then echo "Directory does not exist '/var/www/vhosts/plccnczone.com/new.plccnczone.com/repo'" 1>&2; false; fi
 DEBUG [96abddd4] Finished in 0.142 seconds with exit status 0 (successful).
 DEBUG [1db76aad] Running /usr/bin/env git rev-list --max-count=1 master as yannick@92.39.246.126
 DEBUG [1db76aad] Command: cd /var/www/vhosts/plccnczone.com/new.plccnczone.com/repo && ( export GIT_ASKPASS="/bin/echo" GIT_SSH="/tmp/git-ssh-plccnzone-production-Maranatha.sh" ; /usr/bin/env git rev-list --max-count=1 master )
 DEBUG [1db76aad] 	d993ba68fc258044151e57e37067800bef432044
 DEBUG [1db76aad] Finished in 0.240 seconds with exit status 0 (successful).
 DEBUG [7adc21bc] Running if test ! -d /var/www/vhosts/plccnczone.com/new.plccnczone.com/releases/20200303090424; then echo "Directory does not exist '/var/www/vhosts/plccnczone.com/new.plccnczone.com/releases/20200303090424'" 1>&2; false; fi as yannick@92.39.246.126
 DEBUG [7adc21bc] Command: if test ! -d /var/www/vhosts/plccnczone.com/new.plccnczone.com/releases/20200303090424; then echo "Directory does not exist '/var/www/vhosts/plccnczone.com/new.plccnczone.com/releases/20200303090424'" 1>&2; false; fi
 DEBUG [7adc21bc] Finished in 0.137 seconds with exit status 0 (successful).
  INFO [8ef6260c] Running /usr/bin/env echo "d993ba68fc258044151e57e37067800bef432044" > REVISION as yannick@92.39.246.126
 DEBUG [8ef6260c] Command: cd /var/www/vhosts/plccnczone.com/new.plccnczone.com/releases/20200303090424 && /usr/bin/env echo "d993ba68fc258044151e57e37067800bef432044" > REVISION
  INFO [8ef6260c] Finished in 0.239 seconds with exit status 0 (successful).
  INFO [a370daf6] Running /usr/bin/env mkdir -p /var/www/vhosts/plccnczone.com/new.plccnczone.com/releases/20200303090424 as yannick@92.39.246.126
 DEBUG [a370daf6] Command: /usr/bin/env mkdir -p /var/www/vhosts/plccnczone.com/new.plccnczone.com/releases/20200303090424
  INFO [a370daf6] Finished in 0.240 seconds with exit status 0 (successful).
 DEBUG [76aa084f] Running [ -L /var/www/vhosts/plccnczone.com/new.plccnczone.com/releases/20200303090424/.env ] as yannick@92.39.246.126
 DEBUG [76aa084f] Command: [ -L /var/www/vhosts/plccnczone.com/new.plccnczone.com/releases/20200303090424/.env ]
 DEBUG [76aa084f] Finished in 0.239 seconds with exit status 1 (failed).
 DEBUG [2526fcb2] Running [ -f /var/www/vhosts/plccnczone.com/new.plccnczone.com/releases/20200303090424/.env ] as yannick@92.39.246.126
 DEBUG [2526fcb2] Command: [ -f /var/www/vhosts/plccnczone.com/new.plccnczone.com/releases/20200303090424/.env ]
 DEBUG [2526fcb2] Finished in 0.239 seconds with exit status 0 (successful).
  INFO [333be5cc] Running /usr/bin/env rm /var/www/vhosts/plccnczone.com/new.plccnczone.com/releases/20200303090424/.env as yannick@92.39.246.126
 DEBUG [333be5cc] Command: /usr/bin/env rm /var/www/vhosts/plccnczone.com/new.plccnczone.com/releases/20200303090424/.env
  INFO [333be5cc] Finished in 0.238 seconds with exit status 0 (successful).
  INFO [0f97d690] Running /usr/bin/env ln -s /var/www/vhosts/plccnczone.com/new.plccnczone.com/shared/.env /var/www/vhosts/plccnczone.com/new.plccnczone.com/releases/20200303090424/.env as yannick@92.39.246.126
 DEBUG [0f97d690] Command: /usr/bin/env ln -s /var/www/vhosts/plccnczone.com/new.plccnczone.com/shared/.env /var/www/vhosts/plccnczone.com/new.plccnczone.com/releases/20200303090424/.env
  INFO [0f97d690] Finished in 0.239 seconds with exit status 0 (successful).
  INFO [4bceea03] Running /usr/bin/env mkdir -p /var/www/vhosts/plccnczone.com/new.plccnczone.com/releases/20200303090424/public as yannick@92.39.246.126
 DEBUG [4bceea03] Command: /usr/bin/env mkdir -p /var/www/vhosts/plccnczone.com/new.plccnczone.com/releases/20200303090424/public
  INFO [4bceea03] Finished in 0.238 seconds with exit status 0 (successful).
 DEBUG [4f0fade8] Running [ -L /var/www/vhosts/plccnczone.com/new.plccnczone.com/releases/20200303090424/public/uploads ] as yannick@92.39.246.126
 DEBUG [4f0fade8] Command: [ -L /var/www/vhosts/plccnczone.com/new.plccnczone.com/releases/20200303090424/public/uploads ]
 DEBUG [4f0fade8] Finished in 0.237 seconds with exit status 1 (failed).
 DEBUG [5a69e9cf] Running [ -d /var/www/vhosts/plccnczone.com/new.plccnczone.com/releases/20200303090424/public/uploads ] as yannick@92.39.246.126
 DEBUG [5a69e9cf] Command: [ -d /var/www/vhosts/plccnczone.com/new.plccnczone.com/releases/20200303090424/public/uploads ]
 DEBUG [5a69e9cf] Finished in 0.238 seconds with exit status 1 (failed).
  INFO [a497fb8b] Running /usr/bin/env ln -s /var/www/vhosts/plccnczone.com/new.plccnczone.com/shared/public/uploads /var/www/vhosts/plccnczone.com/new.plccnczone.com/releases/20200303090424/public/uploads as yannick@92.39.246.126
 DEBUG [a497fb8b] Command: /usr/bin/env ln -s /var/www/vhosts/plccnczone.com/new.plccnczone.com/shared/public/uploads /var/www/vhosts/plccnczone.com/new.plccnczone.com/releases/20200303090424/public/uploads
  INFO [a497fb8b] Finished in 0.238 seconds with exit status 0 (successful).
 DEBUG [e6ed62e2] Running if test ! -d /var/www/vhosts/plccnczone.com/new.plccnczone.com/releases/20200303090424; then echo "Directory does not exist '/var/www/vhosts/plccnczone.com/new.plccnczone.com/releases/20200303090424'" 1>&2; false; fi as yannick@92.39.246.126
 DEBUG [e6ed62e2] Command: if test ! -d /var/www/vhosts/plccnczone.com/new.plccnczone.com/releases/20200303090424; then echo "Directory does not exist '/var/www/vhosts/plccnczone.com/new.plccnczone.com/releases/20200303090424'" 1>&2; false; fi
 DEBUG [e6ed62e2] Finished in 0.236 seconds with exit status 0 (successful).
  INFO [f3ccf2d7] Running /usr/bin/env /opt/plesk/php/7.2/bin/php /usr/local/bin/composer install --no-dev --optimize-autoloader as yannick@92.39.246.126
 DEBUG [f3ccf2d7] Command: cd /var/www/vhosts/plccnczone.com/new.plccnczone.com/releases/20200303090424 && /usr/bin/env /opt/plesk/php/7.2/bin/php /usr/local/bin/composer install --no-dev --optimize-autoloader
 DEBUG [f3ccf2d7] 	Loading composer repositories with package information
 DEBUG [f3ccf2d7] 	Installing dependencies from lock file
 DEBUG [f3ccf2d7] 	Package operations: 71 installs, 0 updates, 0 removals
 DEBUG [f3ccf2d7] 	  - Installing symfony/flex (v1.6.2): 
 DEBUG [f3ccf2d7] 	Loading from cache
 DEBUG [f3ccf2d7] 	
 DEBUG [f3ccf2d7] 	  - Installing doctrine/lexer (1.2.0): 
 DEBUG [f3ccf2d7] 	Loading from cache
 DEBUG [f3ccf2d7] 	
 DEBUG [f3ccf2d7] 	  - Installing phpdocumentor/reflection-common (2.0.0): 
 DEBUG [f3ccf2d7] 	Loading from cache
 DEBUG [f3ccf2d7] 	
 DEBUG [f3ccf2d7] 	  - Installing phpdocumentor/type-resolver (1.1.0): 
 DEBUG [f3ccf2d7] 	Loading from cache
 DEBUG [f3ccf2d7] 	
 DEBUG [f3ccf2d7] 	  - Installing psr/container (1.0.0): 
 DEBUG [f3ccf2d7] 	Loading from cache
 DEBUG [f3ccf2d7] 	
 DEBUG [f3ccf2d7] 	  - Installing symfony/polyfill-php73 (v1.14.0): 
 DEBUG [f3ccf2d7] 	Loading from cache
 DEBUG [f3ccf2d7] 	
 DEBUG [f3ccf2d7] 	  - Installing symfony/polyfill-mbstring (v1.14.0): Loading from cache
 DEBUG [f3ccf2d7] 	  - Installing symfony/polyfill-php72 (v1.14.0): Loading from cache
 DEBUG [f3ccf2d7] 	  - Installing symfony/polyfill-intl-idn (v1.14.0): Loading from cache
 DEBUG [f3ccf2d7] 	  - Installing symfony/mime (v4.4.5): Loading from cache
 DEBUG [f3ccf2d7] 	  - Installing symfony/http-foundation (v4.4.5): 
 DEBUG [f3ccf2d7] 	Loading from cache
 DEBUG [f3ccf2d7] 	
 DEBUG [f3ccf2d7] 	  - Installing symfony/event-dispatcher-contracts (v1.1.7): 
 DEBUG [f3ccf2d7] 	Loading from cache
 DEBUG [f3ccf2d7] 	
 DEBUG [f3ccf2d7] 	  - Installing symfony/event-dispatcher (v4.4.5): 
 DEBUG [f3ccf2d7] 	Loading from cache
 DEBUG [f3ccf2d7] 	
 DEBUG [f3ccf2d7] 	  - Installing symfony/var-dumper (v4.4.5): 
 DEBUG [f3ccf2d7] 	Loading from cache
 DEBUG [f3ccf2d7] 	  - Installing psr/log (1.1.2): 
 DEBUG [f3ccf2d7] 	Loading from cache
 DEBUG [f3ccf2d7] 	
 DEBUG [f3ccf2d7] 	  - Installing symfony/debug (v4.4.5): 
 DEBUG [f3ccf2d7] 	Loading from cache
 DEBUG [f3ccf2d7] 	
 DEBUG [f3ccf2d7] 	  - Installing symfony/error-handler (v4.4.5): Loading from cache
 DEBUG [f3ccf2d7] 	  - Installing symfony/http-kernel (v4.4.5): 
 DEBUG [f3ccf2d7] 	Loading from cache
 DEBUG [f3ccf2d7] 	
 DEBUG [f3ccf2d7] 	  - Installing symfony/routing (v4.4.5): 
 DEBUG [f3ccf2d7] 	Loading from cache
 DEBUG [f3ccf2d7] 	
 DEBUG [f3ccf2d7] 	  - Installing symfony/finder (v4.4.5): 
 DEBUG [f3ccf2d7] 	Loading from cache
 DEBUG [f3ccf2d7] 	
 DEBUG [f3ccf2d7] 	  - Installing symfony/filesystem (v4.4.5): 
 DEBUG [f3ccf2d7] 	Loading from cache
 DEBUG [f3ccf2d7] 	
 DEBUG [f3ccf2d7] 	  - Installing symfony/service-contracts (v2.0.1): 
 DEBUG [f3ccf2d7] 	Loading from cache
 DEBUG [f3ccf2d7] 	
 DEBUG [f3ccf2d7] 	  - Installing symfony/dependency-injection (v4.4.5): 
 DEBUG [f3ccf2d7] 	Loading from cache
 DEBUG [f3ccf2d7] 	
 DEBUG [f3ccf2d7] 	  - Installing symfony/config (v4.4.5): 
 DEBUG [f3ccf2d7] 	Loading from cache
 DEBUG [f3ccf2d7] 	
 DEBUG [f3ccf2d7] 	  - Installing symfony/var-exporter (v4.4.5): 
 DEBUG [f3ccf2d7] 	Loading from cache
 DEBUG [f3ccf2d7] 	
 DEBUG [f3ccf2d7] 	  - Installing psr/cache (1.0.1): 
 DEBUG [f3ccf2d7] 	Loading from cache
 DEBUG [f3ccf2d7] 	
 DEBUG [f3ccf2d7] 	  - Installing symfony/cache-contracts (v2.0.1): Loading from cache
 DEBUG [f3ccf2d7] 	  - Installing symfony/cache (v4.4.5): 
 DEBUG [f3ccf2d7] 	Loading from cache
 DEBUG [f3ccf2d7] 	  - Installing symfony/framework-bundle (v4.4.5): 
 DEBUG [f3ccf2d7] 	Loading from cache
 DEBUG [f3ccf2d7] 	
 DEBUG [f3ccf2d7] 	  - Installing doctrine/annotations (v1.8.0): Loading from cache
 DEBUG [f3ccf2d7] 	  - Installing sensio/framework-extra-bundle (v5.5.3): 
 DEBUG [f3ccf2d7] 	Loading from cache
 DEBUG [f3ccf2d7] 	
 DEBUG [f3ccf2d7] 	  - Installing symfony/console (v4.4.5): Loading from cache
 DEBUG [f3ccf2d7] 	  - Installing symfony/dotenv (v4.4.5): Loading from cache
 DEBUG [f3ccf2d7] 	  - Installing symfony/expression-language (v4.4.5): 
 DEBUG [f3ccf2d7] 	Loading from cache
 DEBUG [f3ccf2d7] 	  - Installing symfony/inflector (v4.4.5): 
 DEBUG [f3ccf2d7] 	Loading from cache
 DEBUG [f3ccf2d7] 	  - Installing symfony/property-access (v4.4.5): 
 DEBUG [f3ccf2d7] 	Loading from cache
 DEBUG [f3ccf2d7] 	  - Installing symfony/options-resolver (v4.4.5): Loading from cache
 DEBUG [f3ccf2d7] 	  - Installing symfony/intl (v4.4.5): 
 DEBUG [f3ccf2d7] 	Loading from cache
 DEBUG [f3ccf2d7] 	  - Installing symfony/polyfill-intl-icu (v1.14.0): 
 DEBUG [f3ccf2d7] 	Loading from cache
 DEBUG [f3ccf2d7] 	
 DEBUG [f3ccf2d7] 	  - Installing symfony/form (v4.4.5): 
 DEBUG [f3ccf2d7] 	Loading from cache
 DEBUG [f3ccf2d7] 	
 DEBUG [f3ccf2d7] 	  - Installing symfony/http-client-contracts (v2.0.1): 
 DEBUG [f3ccf2d7] 	Loading from cache
 DEBUG [f3ccf2d7] 	  - Installing symfony/http-client (v4.4.5): 
 DEBUG [f3ccf2d7] 	Loading from cache
 DEBUG [f3ccf2d7] 	  - Installing egulias/email-validator (2.1.17): Loading from cache
 DEBUG [f3ccf2d7] 	  - Installing symfony/mailer (v4.4.5): 
 DEBUG [f3ccf2d7] 	Loading from cache
 DEBUG [f3ccf2d7] 	
 DEBUG [f3ccf2d7] 	  - Installing monolog/monolog (1.25.3): 
 DEBUG [f3ccf2d7] 	Loading from cache
 DEBUG [f3ccf2d7] 	  - Installing symfony/monolog-bridge (v4.4.5): Loading from cache
 DEBUG [f3ccf2d7] 	  - Installing symfony/monolog-bundle (v3.5.0): 
 DEBUG [f3ccf2d7] 	Loading from cache
 DEBUG [f3ccf2d7] 	
 DEBUG [f3ccf2d7] 	  - Installing symfony/process (v4.4.5): 
 DEBUG [f3ccf2d7] 	Loading from cache
 DEBUG [f3ccf2d7] 	
 DEBUG [f3ccf2d7] 	  - Installing symfony/security-core (v4.4.5): 
 DEBUG [f3ccf2d7] 	Loading from cache
 DEBUG [f3ccf2d7] 	  - Installing symfony/security-http (v4.4.5): Loading from cache
 DEBUG [f3ccf2d7] 	  - Installing symfony/security-guard (v4.4.5): Loading from cache
 DEBUG [f3ccf2d7] 	  - Installing symfony/security-csrf (v4.4.5): Loading from cache
 DEBUG [f3ccf2d7] 	  - Installing symfony/security-bundle (v4.4.5): 
 DEBUG [f3ccf2d7] 	Loading from cache
 DEBUG [f3ccf2d7] 	  - Installing symfony/serializer (v4.4.5): 
 DEBUG [f3ccf2d7] 	Loading from cache
 DEBUG [f3ccf2d7] 	  - Installing symfony/property-info (v4.4.5): 
 DEBUG [f3ccf2d7] 	Loading from cache
 DEBUG [f3ccf2d7] 	  - Installing webmozart/assert (1.7.0): Loading from cache
 DEBUG [f3ccf2d7] 	  - Installing phpdocumentor/reflection-docblock (4.3.4): 
 DEBUG [f3ccf2d7] 	Loading from cache
 DEBUG [f3ccf2d7] 	  - Installing symfony/serializer-pack (v1.0.2): Loading from cache
 DEBUG [f3ccf2d7] 	  - Installing symfony/translation-contracts (v2.0.1): 
 DEBUG [f3ccf2d7] 	Loading from cache
 DEBUG [f3ccf2d7] 	  - Installing symfony/translation (v4.4.5): Loading from cache
 DEBUG [f3ccf2d7] 	  - Installing twig/twig (v3.0.3): Loading from cache
 DEBUG [f3ccf2d7] 	  - Installing symfony/twig-bridge (v4.4.5): Loading from cache
 DEBUG [f3ccf2d7] 	  - Installing symfony/twig-bundle (v4.4.5): Loading from cache
 DEBUG [f3ccf2d7] 	  - Installing twig/extra-bundle (v3.0.3): 
 DEBUG [f3ccf2d7] 	Loading from cache
 DEBUG [f3ccf2d7] 	  - Installing symfony/twig-pack (v1.0.0): 
 DEBUG [f3ccf2d7] 	Loading from cache
 DEBUG [f3ccf2d7] 	  - Installing symfony/validator (v4.4.5): 
 DEBUG [f3ccf2d7] 	Loading from cache
 DEBUG [f3ccf2d7] 	  - Installing psr/link (1.0.0): Loading from cache
 DEBUG [f3ccf2d7] 	  - Installing symfony/web-link (v4.4.5): Loading from cache
 DEBUG [f3ccf2d7] 	  - Installing symfony/asset (v4.4.5): Loading from cache
 DEBUG [f3ccf2d7] 	  - Installing symfony/webpack-encore-bundle (v1.7.3): Loading from cache
 DEBUG [f3ccf2d7] 	  - Installing symfony/yaml (v4.4.5): 
 DEBUG [f3ccf2d7] 	Loading from cache
 DEBUG [f3ccf2d7] 	Generating optimized autoload files
 DEBUG [f3ccf2d7] 	Executing script cache:clear
 DEBUG [f3ccf2d7] 	 [OK]
Executing script assets:install public
 DEBUG [f3ccf2d7] 	
 DEBUG [f3ccf2d7] 	 [OK]
  INFO [f3ccf2d7] Finished in 6.051 seconds with exit status 0 (successful).
  INFO [9d28882f] Running /usr/bin/env ln -s /var/www/vhosts/plccnczone.com/new.plccnczone.com/releases/20200303090424 /var/www/vhosts/plccnczone.com/new.plccnczone.com/releases/current as yannick@92.39.246.126
 DEBUG [9d28882f] Command: /usr/bin/env ln -s /var/www/vhosts/plccnczone.com/new.plccnczone.com/releases/20200303090424 /var/www/vhosts/plccnczone.com/new.plccnczone.com/releases/current
  INFO [9d28882f] Finished in 0.240 seconds with exit status 0 (successful).
  INFO [abcf8bde] Running /usr/bin/env mv /var/www/vhosts/plccnczone.com/new.plccnczone.com/releases/current /var/www/vhosts/plccnczone.com/new.plccnczone.com as yannick@92.39.246.126
 DEBUG [abcf8bde] Command: /usr/bin/env mv /var/www/vhosts/plccnczone.com/new.plccnczone.com/releases/current /var/www/vhosts/plccnczone.com/new.plccnczone.com
  INFO [abcf8bde] Finished in 0.238 seconds with exit status 0 (successful).
 DEBUG [d6004b10] Running /usr/bin/env ls -x /var/www/vhosts/plccnczone.com/new.plccnczone.com/releases as yannick@92.39.246.126
 DEBUG [d6004b10] Command: /usr/bin/env ls -x /var/www/vhosts/plccnczone.com/new.plccnczone.com/releases
 DEBUG [d6004b10] 	20200303085637	20200303085845	20200303090029	20200303090424
 DEBUG [d6004b10] Finished in 0.241 seconds with exit status 0 (successful).
  INFO Keeping 3 of 4 deployed releases on 92.39.246.126
 DEBUG [97d93f09] Running [ -d /var/www/vhosts/plccnczone.com/new.plccnczone.com/current ] as yannick@92.39.246.126
 DEBUG [97d93f09] Command: [ -d /var/www/vhosts/plccnczone.com/new.plccnczone.com/current ]
 DEBUG [97d93f09] Finished in 0.238 seconds with exit status 0 (successful).
 DEBUG [e547053c] Running /usr/bin/env readlink /var/www/vhosts/plccnczone.com/new.plccnczone.com/current as yannick@92.39.246.126
 DEBUG [e547053c] Command: /usr/bin/env readlink /var/www/vhosts/plccnczone.com/new.plccnczone.com/current
 DEBUG [e547053c] 	/var/www/vhosts/plccnczone.com/new.plccnczone.com/releases/20200303090424
 DEBUG [e547053c] Finished in 0.240 seconds with exit status 0 (successful).
  INFO [18191bab] Running /usr/bin/env rm -rf /var/www/vhosts/plccnczone.com/new.plccnczone.com/releases/20200303085637 as yannick@92.39.246.126
 DEBUG [18191bab] Command: /usr/bin/env rm -rf /var/www/vhosts/plccnczone.com/new.plccnczone.com/releases/20200303085637
  INFO [18191bab] Finished in 0.495 seconds with exit status 0 (successful).
 DEBUG [39cf877d] Running if test ! -d /var/www/vhosts/plccnczone.com/new.plccnczone.com/releases; then echo "Directory does not exist '/var/www/vhosts/plccnczone.com/new.plccnczone.com/releases'" 1>&2; false; fi as yannick@92.39.246.126
 DEBUG [39cf877d] Command: if test ! -d /var/www/vhosts/plccnczone.com/new.plccnczone.com/releases; then echo "Directory does not exist '/var/www/vhosts/plccnczone.com/new.plccnczone.com/releases'" 1>&2; false; fi
 DEBUG [39cf877d] Finished in 0.235 seconds with exit status 0 (successful).
  INFO [30546bee] Running /usr/bin/env echo "Branch master (at d993ba68fc258044151e57e37067800bef432044) deployed as release 20200303090424 by Maranatha" >> /var/www/vhosts/plccnczone.com/new.plccnczone.com/revisions.log as yannick@92.39.246.126
 DEBUG [30546bee] Command: cd /var/www/vhosts/plccnczone.com/new.plccnczone.com/releases && /usr/bin/env echo "Branch master (at d993ba68fc258044151e57e37067800bef432044) deployed as release 20200303090424 by Maranatha" >> /var/www/vhosts/plccnczone.com/new.plccnczone.com/revisions.log
  INFO [30546bee] Finished in 0.236 seconds with exit status 0 (successful).
